2019-12-16 02:37:15.676+0000 WARN [o.n.i.p.PageCache] The dbms.memory.pagecache.size setting has not been configured. It is recommended that this setting is always explicitly configured, to ensure the system has a balanced configuration. Until then, a computed heuristic value of 6681001984 bytes will be used instead. Run `neo4j-admin memrec` for memory configuration suggestions.
2019-12-16 02:37:15.922+0000 INFO [o.n.k.i.f.CommunityEditionModule] No locking implementation specified, defaulting to 'community'
2019-12-16 02:37:16.048+0000 INFO [o.n.k.AvailabilityGuard] Requirement makes database unavailable: Database available
2019-12-16 02:37:16.065+0000 INFO [o.n.k.i.DiagnosticsManager] --- INITIALIZED diagnostics START ---
2019-12-16 02:37:16.065+0000 INFO [o.n.k.i.DiagnosticsManager] Neo4j Kernel properties:
2019-12-16 02:37:16.065+0000 INFO [o.n.k.i.DiagnosticsManager] unsupported.dbms.directories.neo4j_home=/Users/liweizhuo/eclipse-workspace-new/MavenJavaDemo/neo4j-db/mouse
2019-12-16 02:37:16.065+0000 INFO [o.n.k.i.DiagnosticsManager] unsupported.dbms.edition=community
2019-12-16 02:37:16.065+0000 INFO [o.n.k.i.DiagnosticsManager] unsupported.dbms.ephemeral=false
2019-12-16 02:37:16.065+0000 INFO [o.n.k.i.DiagnosticsManager] Diagnostics providers:
2019-12-16 02:37:16.066+0000 INFO [o.n.k.i.DiagnosticsManager] org.neo4j.kernel.configuration.Config
2019-12-16 02:37:16.066+0000 INFO [o.n.k.i.DiagnosticsManager] org.neo4j.kernel.info.DiagnosticsManager
2019-12-16 02:37:16.066+0000 INFO [o.n.k.i.DiagnosticsManager] SYSTEM_MEMORY
2019-12-16 02:37:16.066+0000 INFO [o.n.k.i.DiagnosticsManager] JAVA_MEMORY
2019-12-16 02:37:16.066+0000 INFO [o.n.k.i.DiagnosticsManager] OPERATING_SYSTEM
2019-12-16 02:37:16.066+0000 INFO [o.n.k.i.DiagnosticsManager] JAVA_VIRTUAL_MACHINE
2019-12-16 02:37:16.066+0000 INFO [o.n.k.i.DiagnosticsManager] CLASSPATH
2019-12-16 02:37:16.066+0000 INFO [o.n.k.i.DiagnosticsManager] LIBRARY_PATH
2019-12-16 02:37:16.066+0000 INFO [o.n.k.i.DiagnosticsManager] SYSTEM_PROPERTIES
2019-12-16 02:37:16.066+0000 INFO [o.n.k.i.DiagnosticsManager] NETWORK
2019-12-16 02:37:16.066+0000 INFO [o.n.k.i.DiagnosticsManager] System memory information:
2019-12-16 02:37:16.068+0000 INFO [o.n.k.i.DiagnosticsManager] Total Physical memory: 16.00 GB
2019-12-16 02:37:16.068+0000 INFO [o.n.k.i.DiagnosticsManager] Free Physical memory: 2.86 GB
2019-12-16 02:37:16.069+0000 INFO [o.n.k.i.DiagnosticsManager] Committed virtual memory: 9.65 GB
2019-12-16 02:37:16.069+0000 INFO [o.n.k.i.DiagnosticsManager] Total swap space: 3.00 GB
2019-12-16 02:37:16.070+0000 INFO [o.n.k.i.DiagnosticsManager] Free swap space: 974.00 MB
2019-12-16 02:37:16.070+0000 INFO [o.n.k.i.DiagnosticsManager] JVM memory information:
2019-12-16 02:37:16.070+0000 INFO [o.n.k.i.DiagnosticsManager] Free  memory: 230.33 MB
2019-12-16 02:37:16.070+0000 INFO [o.n.k.i.DiagnosticsManager] Total memory: 245.50 MB
2019-12-16 02:37:16.070+0000 INFO [o.n.k.i.DiagnosticsManager] Max   memory: 3.56 GB
2019-12-16 02:37:16.073+0000 INFO [o.n.k.i.DiagnosticsManager] Garbage Collector: PS Scavenge: [PS Eden Space, PS Survivor Space]
2019-12-16 02:37:16.073+0000 INFO [o.n.k.i.DiagnosticsManager] Garbage Collector: PS MarkSweep: [PS Eden Space, PS Survivor Space, PS Old Gen]
2019-12-16 02:37:16.074+0000 INFO [o.n.k.i.DiagnosticsManager] Memory Pool: Code Cache (Non-heap memory): committed=4.69 MB, used=4.63 MB, max=240.00 MB, threshold=0.00 B
2019-12-16 02:37:16.075+0000 INFO [o.n.k.i.DiagnosticsManager] Memory Pool: Metaspace (Non-heap memory): committed=12.88 MB, used=12.22 MB, max=-1.00 B, threshold=0.00 B
2019-12-16 02:37:16.075+0000 INFO [o.n.k.i.DiagnosticsManager] Memory Pool: Compressed Class Space (Non-heap memory): committed=1.88 MB, used=1.61 MB, max=1.00 GB, threshold=0.00 B
2019-12-16 02:37:16.075+0000 INFO [o.n.k.i.DiagnosticsManager] Memory Pool: PS Eden Space (Heap memory): committed=64.00 MB, used=5.66 MB, max=1.31 GB, threshold=?
2019-12-16 02:37:16.075+0000 INFO [o.n.k.i.DiagnosticsManager] Memory Pool: PS Survivor Space (Heap memory): committed=10.50 MB, used=9.49 MB, max=10.50 MB, threshold=?
2019-12-16 02:37:16.076+0000 INFO [o.n.k.i.DiagnosticsManager] Memory Pool: PS Old Gen (Heap memory): committed=171.00 MB, used=24.00 kB, max=2.67 GB, threshold=0.00 B
2019-12-16 02:37:16.076+0000 INFO [o.n.k.i.DiagnosticsManager] Operating system information:
2019-12-16 02:37:16.077+0000 INFO [o.n.k.i.DiagnosticsManager] Operating System: Mac OS X; version: 10.14.6; arch: x86_64; cpus: 8
2019-12-16 02:37:16.077+0000 INFO [o.n.k.i.DiagnosticsManager] Max number of file descriptors: 10240
2019-12-16 02:37:16.078+0000 INFO [o.n.k.i.DiagnosticsManager] Number of open file descriptors: 113
2019-12-16 02:37:16.084+0000 INFO [o.n.k.i.DiagnosticsManager] Process id: 34538@liweizhuodeMacBook-Pro.local
2019-12-16 02:37:16.084+0000 INFO [o.n.k.i.DiagnosticsManager] Byte order: LITTLE_ENDIAN
2019-12-16 02:37:16.085+0000 INFO [o.n.k.i.DiagnosticsManager] Local timezone: Asia/Shanghai
2019-12-16 02:37:16.085+0000 INFO [o.n.k.i.DiagnosticsManager] JVM information:
2019-12-16 02:37:16.086+0000 INFO [o.n.k.i.DiagnosticsManager] VM Name: Java HotSpot(TM) 64-Bit Server VM
2019-12-16 02:37:16.086+0000 INFO [o.n.k.i.DiagnosticsManager] VM Vendor: Oracle Corporation
2019-12-16 02:37:16.086+0000 INFO [o.n.k.i.DiagnosticsManager] VM Version: 25.181-b13
2019-12-16 02:37:16.086+0000 INFO [o.n.k.i.DiagnosticsManager] JIT compiler: HotSpot 64-Bit Tiered Compilers
2019-12-16 02:37:16.089+0000 INFO [o.n.k.i.DiagnosticsManager] VM Arguments: [-Dfile.encoding=UTF-8]
2019-12-16 02:37:16.089+0000 INFO [o.n.k.i.DiagnosticsManager] Java classpath:
2019-12-16 02:37:16.090+0000 INFO [o.n.k.i.DiagnosticsManager]  [classpath + loader.0] file:/Users/liweizhuo/.m2/repository/org/neo4j/neo4j-graph-algo/3.3.4/neo4j-graph-algo-3.3.4.jar
2019-12-16 02:37:16.090+0000 INFO [o.n.k.i.DiagnosticsManager]  [loader.1] file:/Library/Java/JavaVirtualMachines/jdk1.8.0_181.jdk/Contents/Home/jre/lib/ext/sunjce_provider.jar
2019-12-16 02:37:16.090+0000 INFO [o.n.k.i.DiagnosticsManager]  [bootstrap + classpath + loader.0] file:/Library/Java/JavaVirtualMachines/jdk1.8.0_181.jdk/Contents/Home/jre/lib/resources.jar
2019-12-16 02:37:16.090+0000 INFO [o.n.k.i.DiagnosticsManager]  [classpath + loader.0] file:/Users/liweizhuo/.m2/repository/org/neo4j/neo4j-io/3.3.4/neo4j-io-3.3.4.jar
2019-12-16 02:37:16.090+0000 INFO [o.n.k.i.DiagnosticsManager]  [classpath + loader.0] file:/Users/liweizhuo/eclipse-workspace-new/MavenJavaDemo/lib/commons-lang-2.6.jar
2019-12-16 02:37:16.090+0000 INFO [o.n.k.i.DiagnosticsManager]  [classpath + loader.0] file:/Users/liweizhuo/.m2/repository/org/ow2/asm/asm-tree/5.2/asm-tree-5.2.jar
2019-12-16 02:37:16.091+0000 INFO [o.n.k.i.DiagnosticsManager]  [classpath + loader.0] file:/Users/liweizhuo/.m2/repository/org/neo4j/neo4j-cypher/3.3.4/neo4j-cypher-3.3.4.jar
2019-12-16 02:37:16.091+0000 INFO [o.n.k.i.DiagnosticsManager]  [classpath + loader.0] file:/Users/liweizhuo/.m2/repository/org/neo4j/neo4j-unsafe/3.3.4/neo4j-unsafe-3.3.4.jar
2019-12-16 02:37:16.091+0000 INFO [o.n.k.i.DiagnosticsManager]  [classpath + loader.0] file:/Users/liweizhuo/.m2/repository/org/apache/lucene/lucene-backward-codecs/5.5.0/lucene-backward-codecs-5.5.0.jar
2019-12-16 02:37:16.091+0000 INFO [o.n.k.i.DiagnosticsManager]  [classpath + loader.0] file:/Users/liweizhuo/eclipse-workspace-new/MavenJavaDemo/ExternalLib/HermiT_1.3.6.jar
2019-12-16 02:37:16.091+0000 INFO [o.n.k.i.DiagnosticsManager]  [classpath + loader.0] file:/Users/liweizhuo/.m2/repository/org/apache/lucene/lucene-analyzers-common/5.5.0/lucene-analyzers-common-5.5.0.jar
2019-12-16 02:37:16.091+0000 INFO [o.n.k.i.DiagnosticsManager]  [classpath + loader.0] file:/Users/liweizhuo/.m2/repository/org/neo4j/neo4j-cypher-ir-3.2/3.2.9/neo4j-cypher-ir-3.2-3.2.9.jar
2019-12-16 02:37:16.091+0000 INFO [o.n.k.i.DiagnosticsManager]  [classpath + loader.0] file:/Users/liweizhuo/.m2/repository/org/apache/lucene/lucene-core/5.5.0/lucene-core-5.5.0.jar
2019-12-16 02:37:16.091+0000 INFO [o.n.k.i.DiagnosticsManager]  [loader.1] file:/Library/Java/JavaVirtualMachines/jdk1.8.0_181.jdk/Contents/Home/jre/lib/ext/dnsns.jar
2019-12-16 02:37:16.091+0000 INFO [o.n.k.i.DiagnosticsManager]  [classpath + loader.0] file:/Users/liweizhuo/.m2/repository/org/neo4j/neo4j-collections/3.3.4/neo4j-collections-3.3.4.jar
2019-12-16 02:37:16.091+0000 INFO [o.n.k.i.DiagnosticsManager]  [classpath + loader.0] file:/Users/liweizhuo/eclipse-workspace-new/MavenJavaDemo/ExternalLib/commons-lang3-3.4-javadoc.jar
2019-12-16 02:37:16.091+0000 INFO [o.n.k.i.DiagnosticsManager]  [classpath + loader.0] file:/Users/liweizhuo/eclipse-workspace-new/MavenJavaDemo/lib/log4j.jar
2019-12-16 02:37:16.091+0000 INFO [o.n.k.i.DiagnosticsManager]  [classpath + loader.0] file:/Users/liweizhuo/.m2/repository/org/neo4j/neo4j-cypher-compiler-3.2/3.2.9/neo4j-cypher-compiler-3.2-3.2.9.jar
2019-12-16 02:37:16.091+0000 INFO [o.n.k.i.DiagnosticsManager]  [classpath + loader.0] file:/Users/liweizhuo/.m2/repository/org/neo4j/neo4j-logging/3.3.4/neo4j-logging-3.3.4.jar
2019-12-16 02:37:16.091+0000 INFO [o.n.k.i.DiagnosticsManager]  [classpath + loader.0] file:/Users/liweizhuo/.m2/repository/io/netty/netty-all/4.1.21.Final/netty-all-4.1.21.Final.jar
2019-12-16 02:37:16.091+0000 INFO [o.n.k.i.DiagnosticsManager]  [classpath + loader.0] file:/Users/liweizhuo/.m2/repository/org/neo4j/neo4j-cypher-frontend-3.2/3.2.9/neo4j-cypher-frontend-3.2-3.2.9.jar
2019-12-16 02:37:16.092+0000 INFO [o.n.k.i.DiagnosticsManager]  [classpath + loader.0] file:/Users/liweizhuo/.m2/repository/org/neo4j/neo4j-consistency-check/3.3.4/neo4j-consistency-check-3.3.4.jar
2019-12-16 02:37:16.092+0000 INFO [o.n.k.i.DiagnosticsManager]  [bootstrap] /Library/Java/JavaVirtualMachines/jdk1.8.0_181.jdk/Contents/Home/jre/lib/sunrsasign.jar
2019-12-16 02:37:16.092+0000 INFO [o.n.k.i.DiagnosticsManager]  [classpath + loader.0] file:/Users/liweizhuo/eclipse-workspace-new/MavenJavaDemo/lib/owlapi.jar
2019-12-16 02:37:16.092+0000 INFO [o.n.k.i.DiagnosticsManager]  [classpath + loader.0] file:/Users/liweizhuo/.m2/repository/org/neo4j/neo4j-resource/3.3.4/neo4j-resource-3.3.4.jar
2019-12-16 02:37:16.092+0000 INFO [o.n.k.i.DiagnosticsManager]  [classpath + loader.0] file:/Users/liweizhuo/.m2/repository/org/apache/commons/commons-lang3/3.5/commons-lang3-3.5.jar
2019-12-16 02:37:16.092+0000 INFO [o.n.k.i.DiagnosticsManager]  [classpath + loader.0] file:/Users/liweizhuo/eclipse-workspace-new/MavenJavaDemo/ExternalLib/commons-math-1.2.jar
2019-12-16 02:37:16.092+0000 INFO [o.n.k.i.DiagnosticsManager]  [classpath + loader.0] file:/Users/liweizhuo/.m2/repository/org/parboiled/parboiled-core/1.1.7/parboiled-core-1.1.7.jar
2019-12-16 02:37:16.092+0000 INFO [o.n.k.i.DiagnosticsManager]  [classpath + loader.0] file:/Users/liweizhuo/.m2/repository/org/neo4j/neo4j-ssl/3.3.4/neo4j-ssl-3.3.4.jar
2019-12-16 02:37:16.092+0000 INFO [o.n.k.i.DiagnosticsManager]  [classpath + loader.0] file:/Users/liweizhuo/.m2/repository/org/neo4j/neo4j-cypher-compiler-2.3/2.3.12/neo4j-cypher-compiler-2.3-2.3.12.jar
2019-12-16 02:37:16.092+0000 INFO [o.n.k.i.DiagnosticsManager]  [bootstrap + classpath + loader.0] file:/Library/Java/JavaVirtualMachines/jdk1.8.0_181.jdk/Contents/Home/jre/lib/jce.jar
2019-12-16 02:37:16.092+0000 INFO [o.n.k.i.DiagnosticsManager]  [bootstrap + classpath + loader.0] file:/Library/Java/JavaVirtualMachines/jdk1.8.0_181.jdk/Contents/Home/jre/lib/jfr.jar
2019-12-16 02:37:16.092+0000 INFO [o.n.k.i.DiagnosticsManager]  [classpath + loader.0] file:/Users/liweizhuo/.m2/repository/org/bouncycastle/bcprov-jdk15on/1.53/bcprov-jdk15on-1.53.jar
2019-12-16 02:37:16.092+0000 INFO [o.n.k.i.DiagnosticsManager]  [classpath + loader.0] file:/Users/liweizhuo/.m2/repository/org/neo4j/neo4j-cypher-logical-plans-3.3/3.3.4/neo4j-cypher-logical-plans-3.3-3.3.4.jar
2019-12-16 02:37:16.092+0000 INFO [o.n.k.i.DiagnosticsManager]  [classpath + loader.0] file:/Users/liweizhuo/.m2/repository/org/neo4j/neo4j-import-tool/3.3.4/neo4j-import-tool-3.3.4.jar
2019-12-16 02:37:16.092+0000 INFO [o.n.k.i.DiagnosticsManager]  [bootstrap + classpath + loader.0] file:/Library/Java/JavaVirtualMachines/jdk1.8.0_181.jdk/Contents/Home/jre/lib/rt.jar
2019-12-16 02:37:16.092+0000 INFO [o.n.k.i.DiagnosticsManager]  [classpath + loader.0] file:/Users/liweizhuo/eclipse-workspace-new/MavenJavaDemo/lib/swingx-all-1.6.4.jar
2019-12-16 02:37:16.092+0000 INFO [o.n.k.i.DiagnosticsManager]  [classpath + loader.0] file:/Users/liweizhuo/.m2/repository/org/scala-lang/scala-reflect/2.11.12/scala-reflect-2.11.12.jar
2019-12-16 02:37:16.092+0000 INFO [o.n.k.i.DiagnosticsManager]  [classpath + loader.0] file:/Users/liweizhuo/.m2/repository/org/neo4j/neo4j-cypher-ir-3.3/3.3.4/neo4j-cypher-ir-3.3-3.3.4.jar
2019-12-16 02:37:16.092+0000 INFO [o.n.k.i.DiagnosticsManager]  [classpath + loader.0] file:/Users/liweizhuo/.m2/repository/net/sf/opencsv/opencsv/2.3/opencsv-2.3.jar
2019-12-16 02:37:16.093+0000 INFO [o.n.k.i.DiagnosticsManager]  [bootstrap] /Library/Java/JavaVirtualMachines/jdk1.8.0_181.jdk/Contents/Home/jre/classes
2019-12-16 02:37:16.093+0000 INFO [o.n.k.i.DiagnosticsManager]  [classpath + loader.0] file:/Users/liweizhuo/.m2/repository/org/neo4j/neo4j-lucene-upgrade/3.3.4/neo4j-lucene-upgrade-3.3.4.jar
2019-12-16 02:37:16.093+0000 INFO [o.n.k.i.DiagnosticsManager]  [classpath + loader.0] file:/Users/liweizhuo/.m2/repository/org/ow2/asm/asm-util/5.2/asm-util-5.2.jar
2019-12-16 02:37:16.093+0000 INFO [o.n.k.i.DiagnosticsManager]  [classpath + loader.0] file:/Users/liweizhuo/.m2/repository/org/neo4j/neo4j-configuration/3.3.4/neo4j-configuration-3.3.4.jar
2019-12-16 02:37:16.093+0000 INFO [o.n.k.i.DiagnosticsManager]  [classpath + loader.0] file:/Users/liweizhuo/.m2/repository/org/ow2/asm/asm-analysis/5.2/asm-analysis-5.2.jar
2019-12-16 02:37:16.093+0000 INFO [o.n.k.i.DiagnosticsManager]  [classpath + loader.0] file:/Users/liweizhuo/eclipse-workspace-new/MavenJavaDemo/lib/dom4j.jar
2019-12-16 02:37:16.093+0000 INFO [o.n.k.i.DiagnosticsManager]  [classpath + loader.0] file:/Users/liweizhuo/.m2/repository/org/neo4j/neo4j-graph-matching/3.1.6/neo4j-graph-matching-3.1.6.jar
2019-12-16 02:37:16.093+0000 INFO [o.n.k.i.DiagnosticsManager]  [classpath + loader.0] file:/Users/liweizhuo/.m2/repository/org/neo4j/neo4j-codegen/3.3.4/neo4j-codegen-3.3.4.jar
2019-12-16 02:37:16.093+0000 INFO [o.n.k.i.DiagnosticsManager]  [classpath + loader.0] file:/Users/liweizhuo/eclipse-workspace-new/MavenJavaDemo/ExternalLib/ostermillerutils-1.08.02.jar
2019-12-16 02:37:16.093+0000 INFO [o.n.k.i.DiagnosticsManager]  [classpath + loader.0] file:/Users/liweizhuo/.m2/repository/org/scala-lang/scala-library/2.11.12/scala-library-2.11.12.jar
2019-12-16 02:37:16.093+0000 INFO [o.n.k.i.DiagnosticsManager]  [classpath + loader.0] file:/Users/liweizhuo/eclipse-workspace-new/MavenJavaDemo/ExternalLib/commons-logging-1.2.jar
2019-12-16 02:37:16.093+0000 INFO [o.n.k.i.DiagnosticsManager]  [classpath + loader.0] file:/Users/liweizhuo/.m2/repository/com/googlecode/concurrentlinkedhashmap/concurrentlinkedhashmap-lru/1.4.2/concurrentlinkedhashmap-lru-1.4.2.jar
2019-12-16 02:37:16.093+0000 INFO [o.n.k.i.DiagnosticsManager]  [classpath + loader.0] file:/Users/liweizhuo/.m2/repository/org/apache/commons/commons-text/1.1/commons-text-1.1.jar
2019-12-16 02:37:16.093+0000 INFO [o.n.k.i.DiagnosticsManager]  [loader.1] file:/Library/Java/JavaVirtualMachines/jdk1.8.0_181.jdk/Contents/Home/jre/lib/ext/localedata.jar
2019-12-16 02:37:16.093+0000 INFO [o.n.k.i.DiagnosticsManager]  [classpath + loader.0] file:/Users/liweizhuo/eclipse-workspace-new/MavenJavaDemo/ExternalLib/commons-logging-1.2-javadoc.jar
2019-12-16 02:37:16.093+0000 INFO [o.n.k.i.DiagnosticsManager]  [classpath + loader.0] file:/Users/liweizhuo/.m2/repository/org/bouncycastle/bcpkix-jdk15on/1.53/bcpkix-jdk15on-1.53.jar
2019-12-16 02:37:16.093+0000 INFO [o.n.k.i.DiagnosticsManager]  [classpath + loader.0] file:/Users/liweizhuo/.m2/repository/org/neo4j/neo4j-command-line/3.3.4/neo4j-command-line-3.3.4.jar
2019-12-16 02:37:16.093+0000 INFO [o.n.k.i.DiagnosticsManager]  [loader.1] file:/Library/Java/JavaVirtualMachines/jdk1.8.0_181.jdk/Contents/Home/jre/lib/ext/sunpkcs11.jar
2019-12-16 02:37:16.093+0000 INFO [o.n.k.i.DiagnosticsManager]  [classpath + loader.0] file:/Users/liweizhuo/.m2/repository/org/neo4j/neo4j-index/3.3.4/neo4j-index-3.3.4.jar
2019-12-16 02:37:16.094+0000 INFO [o.n.k.i.DiagnosticsManager]  [classpath + loader.0] file:/Users/liweizhuo/.m2/repository/org/neo4j/driver/neo4j-java-driver/1.5.0/neo4j-java-driver-1.5.0.jar
2019-12-16 02:37:16.094+0000 INFO [o.n.k.i.DiagnosticsManager]  [classpath + loader.0] file:/Users/liweizhuo/eclipse-workspace-new/MavenJavaDemo/ExternalLib/concurrent.jar
2019-12-16 02:37:16.094+0000 INFO [o.n.k.i.DiagnosticsManager]  [classpath + loader.0] file:/Users/liweizhuo/eclipse-workspace-new/MavenJavaDemo/ExternalLib/xercesImpl-2.7.1.jar
2019-12-16 02:37:16.094+0000 INFO [o.n.k.i.DiagnosticsManager]  [classpath + loader.0] file:/Users/liweizhuo/eclipse-workspace-new/MavenJavaDemo/ExternalLib/ostermillerutils-1.08.02-javadoc.jar
2019-12-16 02:37:16.094+0000 INFO [o.n.k.i.DiagnosticsManager]  [classpath + loader.0] file:/Users/liweizhuo/.m2/repository/org/neo4j/neo4j-common/3.3.4/neo4j-common-3.3.4.jar
2019-12-16 02:37:16.094+0000 INFO [o.n.k.i.DiagnosticsManager]  [classpath + loader.0] file:/Users/liweizhuo/.m2/repository/org/neo4j/neo4j-values/3.3.4/neo4j-values-3.3.4.jar
2019-12-16 02:37:16.094+0000 INFO [o.n.k.i.DiagnosticsManager]  [classpath + loader.0] file:/Users/liweizhuo/.m2/repository/org/neo4j/neo4j-cypher-frontend-3.3/3.3.4/neo4j-cypher-frontend-3.3-3.3.4.jar
2019-12-16 02:37:16.094+0000 INFO [o.n.k.i.DiagnosticsManager]  [classpath + loader.0] file:/Users/liweizhuo/.m2/repository/org/neo4j/neo4j-cypher-compiler-3.3/3.3.4/neo4j-cypher-compiler-3.3-3.3.4.jar
2019-12-16 02:37:16.094+0000 INFO [o.n.k.i.DiagnosticsManager]  [classpath + loader.0] file:/Users/liweizhuo/eclipse-workspace-new/MavenJavaDemo/ExternalLib/commons-lang3-3.4.jar
2019-12-16 02:37:16.094+0000 INFO [o.n.k.i.DiagnosticsManager]  [loader.1] file:/Library/Java/JavaVirtualMachines/jdk1.8.0_181.jdk/Contents/Home/jre/lib/ext/sunec.jar
2019-12-16 02:37:16.094+0000 INFO [o.n.k.i.DiagnosticsManager]  [loader.1] file:/Library/Java/JavaVirtualMachines/jdk1.8.0_181.jdk/Contents/Home/jre/lib/ext/cldrdata.jar
2019-12-16 02:37:16.094+0000 INFO [o.n.k.i.DiagnosticsManager]  [bootstrap + classpath + loader.0] file:/Library/Java/JavaVirtualMachines/jdk1.8.0_181.jdk/Contents/Home/jre/lib/jsse.jar
2019-12-16 02:37:16.094+0000 INFO [o.n.k.i.DiagnosticsManager]  [classpath + loader.0] file:/Users/liweizhuo/.m2/repository/org/neo4j/neo4j-lucene-index/3.3.4/neo4j-lucene-index-3.3.4.jar
2019-12-16 02:37:16.094+0000 INFO [o.n.k.i.DiagnosticsManager]  [classpath + loader.0] file:/Users/liweizhuo/.m2/repository/org/neo4j/neo4j-udc/3.3.4/neo4j-udc-3.3.4.jar
2019-12-16 02:37:16.094+0000 INFO [o.n.k.i.DiagnosticsManager]  [loader.1] file:/System/Library/Java/Extensions/MRJToolkit.jar
2019-12-16 02:37:16.094+0000 INFO [o.n.k.i.DiagnosticsManager]  [classpath + loader.0] file:/Users/liweizhuo/eclipse-workspace-new/MavenJavaDemo/target/classes/
2019-12-16 02:37:16.094+0000 INFO [o.n.k.i.DiagnosticsManager]  [classpath + loader.0] file:/Users/liweizhuo/eclipse-workspace-new/MavenJavaDemo/ExternalLib/commons-math3-3.6.jar
2019-12-16 02:37:16.094+0000 INFO [o.n.k.i.DiagnosticsManager]  [classpath + loader.0] file:/Users/liweizhuo/eclipse-workspace-new/MavenJavaDemo/ExternalLib/csparsej-1.1.1.jar
2019-12-16 02:37:16.095+0000 INFO [o.n.k.i.DiagnosticsManager]  [classpath + loader.0] file:/Users/liweizhuo/.m2/repository/org/neo4j/neo4j-graphdb-api/3.3.4/neo4j-graphdb-api-3.3.4.jar
2019-12-16 02:37:16.095+0000 INFO [o.n.k.i.DiagnosticsManager]  [loader.1] file:/Library/Java/JavaVirtualMachines/jdk1.8.0_181.jdk/Contents/Home/jre/lib/ext/zipfs.jar
2019-12-16 02:37:16.095+0000 INFO [o.n.k.i.DiagnosticsManager]  [loader.1] file:/Library/Java/JavaVirtualMachines/jdk1.8.0_181.jdk/Contents/Home/jre/lib/ext/jfxrt.jar
2019-12-16 02:37:16.095+0000 INFO [o.n.k.i.DiagnosticsManager]  [classpath + loader.0] file:/Users/liweizhuo/eclipse-workspace-new/MavenJavaDemo/lib/gephi-toolkit.jar
2019-12-16 02:37:16.095+0000 INFO [o.n.k.i.DiagnosticsManager]  [classpath + loader.0] file:/Users/liweizhuo/eclipse-workspace-new/MavenJavaDemo/ExternalLib/jena-2.6.4.jar
2019-12-16 02:37:16.095+0000 INFO [o.n.k.i.DiagnosticsManager]  [classpath + loader.0] file:/Users/liweizhuo/.m2/repository/org/neo4j/neo4j-csv/3.3.4/neo4j-csv-3.3.4.jar
2019-12-16 02:37:16.095+0000 INFO [o.n.k.i.DiagnosticsManager]  [classpath + loader.0] file:/Users/liweizhuo/eclipse-workspace-new/MavenJavaDemo/ExternalLib/slf4j-api-1.5.8.jar
2019-12-16 02:37:16.095+0000 INFO [o.n.k.i.DiagnosticsManager]  [classpath + loader.0] file:/Users/liweizhuo/.m2/repository/org/neo4j/neo4j-jmx/3.3.4/neo4j-jmx-3.3.4.jar
2019-12-16 02:37:16.095+0000 INFO [o.n.k.i.DiagnosticsManager]  [loader.1] file:/Library/Java/JavaVirtualMachines/jdk1.8.0_181.jdk/Contents/Home/jre/lib/ext/jaccess.jar
2019-12-16 02:37:16.095+0000 INFO [o.n.k.i.DiagnosticsManager]  [classpath + loader.0] file:/Users/liweizhuo/.m2/repository/com/github/ben-manes/caffeine/caffeine/2.3.3/caffeine-2.3.3.jar
2019-12-16 02:37:16.095+0000 INFO [o.n.k.i.DiagnosticsManager]  [classpath + loader.0] file:/Users/liweizhuo/eclipse-workspace-new/MavenJavaDemo/ExternalLib/iri-0.8.jar
2019-12-16 02:37:16.095+0000 INFO [o.n.k.i.DiagnosticsManager]  [classpath + loader.0] file:/Users/liweizhuo/.m2/repository/org/neo4j/neo4j-kernel/3.3.4/neo4j-kernel-3.3.4.jar
2019-12-16 02:37:16.095+0000 INFO [o.n.k.i.DiagnosticsManager]  [classpath + loader.0] file:/Users/liweizhuo/.m2/repository/org/neo4j/neo4j-dbms/3.3.4/neo4j-dbms-3.3.4.jar
2019-12-16 02:37:16.095+0000 INFO [o.n.k.i.DiagnosticsManager]  [classpath + loader.0] file:/Users/liweizhuo/.m2/repository/org/neo4j/neo4j-primitive-collections/3.3.4/neo4j-primitive-collections-3.3.4.jar
2019-12-16 02:37:16.095+0000 INFO [o.n.k.i.DiagnosticsManager]  [classpath + loader.0] file:/Users/liweizhuo/.m2/repository/org/ow2/asm/asm/5.2/asm-5.2.jar
2019-12-16 02:37:16.095+0000 INFO [o.n.k.i.DiagnosticsManager]  [loader.1] file:/Library/Java/JavaVirtualMachines/jdk1.8.0_181.jdk/Contents/Home/jre/lib/ext/nashorn.jar
2019-12-16 02:37:16.095+0000 INFO [o.n.k.i.DiagnosticsManager]  [classpath + loader.0] file:/Users/liweizhuo/.m2/repository/org/neo4j/neo4j/3.3.4/neo4j-3.3.4.jar
2019-12-16 02:37:16.095+0000 INFO [o.n.k.i.DiagnosticsManager]  [classpath + loader.0] file:/Users/liweizhuo/eclipse-workspace-new/MavenJavaDemo/ExternalLib/colt.jar
2019-12-16 02:37:16.095+0000 INFO [o.n.k.i.DiagnosticsManager]  [classpath + loader.0] file:/Users/liweizhuo/eclipse-workspace-new/MavenJavaDemo/lib/elk.jar
2019-12-16 02:37:16.095+0000 INFO [o.n.k.i.DiagnosticsManager]  [classpath + loader.0] file:/Users/liweizhuo/eclipse-workspace-new/MavenJavaDemo/lib/simmetrics.jar
2019-12-16 02:37:16.095+0000 INFO [o.n.k.i.DiagnosticsManager]  [bootstrap + classpath + loader.0] file:/Library/Java/JavaVirtualMachines/jdk1.8.0_181.jdk/Contents/Home/jre/lib/charsets.jar
2019-12-16 02:37:16.095+0000 INFO [o.n.k.i.DiagnosticsManager]  [classpath + loader.0] file:/Users/liweizhuo/.m2/repository/org/parboiled/parboiled-scala_2.11/1.1.7/parboiled-scala_2.11-1.1.7.jar
2019-12-16 02:37:16.095+0000 INFO [o.n.k.i.DiagnosticsManager]  [classpath + loader.0] file:/Users/liweizhuo/eclipse-workspace-new/MavenJavaDemo/ExternalLib/log4j-1.2.13.jar
2019-12-16 02:37:16.096+0000 INFO [o.n.k.i.DiagnosticsManager]  [classpath + loader.0] file:/Users/liweizhuo/.m2/repository/org/apache/lucene/lucene-queryparser/5.5.0/lucene-queryparser-5.5.0.jar
2019-12-16 02:37:16.096+0000 INFO [o.n.k.i.DiagnosticsManager]  [classpath + loader.0] file:/Users/liweizhuo/.m2/repository/org/neo4j/neo4j-cypher-frontend-2.3/2.3.12/neo4j-cypher-frontend-2.3-2.3.12.jar
2019-12-16 02:37:16.096+0000 INFO [o.n.k.i.DiagnosticsManager]  [classpath + loader.0] file:/Users/liweizhuo/.m2/repository/org/apache/lucene/lucene-codecs/5.5.0/lucene-codecs-5.5.0.jar
2019-12-16 02:37:16.096+0000 INFO [o.n.k.i.DiagnosticsManager]  [classpath + loader.0] file:/Users/liweizhuo/.m2/repository/org/apache/commons/commons-compress/1.12/commons-compress-1.12.jar
2019-12-16 02:37:16.096+0000 INFO [o.n.k.i.DiagnosticsManager]  [classpath + loader.0] file:/Users/liweizhuo/eclipse-workspace-new/MavenJavaDemo/lib/microsoft-translator.jar
2019-12-16 02:37:16.096+0000 INFO [o.n.k.i.DiagnosticsManager]  [classpath + loader.0] file:/Users/liweizhuo/eclipse-workspace-new/MavenJavaDemo/ExternalLib/icu4j-3.4.4.jar
2019-12-16 02:37:16.096+0000 INFO [o.n.k.i.DiagnosticsManager]  [classpath + loader.0] file:/Users/liweizhuo/.m2/repository/org/neo4j/neo4j-cypher-frontend-3.1/3.1.6/neo4j-cypher-frontend-3.1-3.1.6.jar
2019-12-16 02:37:16.096+0000 INFO [o.n.k.i.DiagnosticsManager]  [classpath + loader.0] file:/Users/liweizhuo/eclipse-workspace-new/MavenJavaDemo/lib/jaws.jar
2019-12-16 02:37:16.096+0000 INFO [o.n.k.i.DiagnosticsManager]  [classpath + loader.0] file:/Users/liweizhuo/.m2/repository/org/neo4j/neo4j-cypher-compiler-3.1/3.1.6/neo4j-cypher-compiler-3.1-3.1.6.jar
2019-12-16 02:37:16.096+0000 INFO [o.n.k.i.DiagnosticsManager]  [classpath + loader.0] file:/Users/liweizhuo/eclipse-workspace-new/MavenJavaDemo/ExternalLib/slf4j-log4j12-1.5.8.jar
2019-12-16 02:37:16.096+0000 INFO [o.n.k.i.DiagnosticsManager] Library path:
2019-12-16 02:37:16.096+0000 INFO [o.n.k.i.DiagnosticsManager] /Users/liweizhuo/Library/Java/Extensions
2019-12-16 02:37:16.096+0000 INFO [o.n.k.i.DiagnosticsManager] /Library/Java/Extensions
2019-12-16 02:37:16.096+0000 INFO [o.n.k.i.DiagnosticsManager] /Network/Library/Java/Extensions
2019-12-16 02:37:16.096+0000 INFO [o.n.k.i.DiagnosticsManager] /System/Library/Java/Extensions
2019-12-16 02:37:16.096+0000 INFO [o.n.k.i.DiagnosticsManager] /usr/lib/java
2019-12-16 02:37:16.097+0000 INFO [o.n.k.i.DiagnosticsManager] /Users/liweizhuo/eclipse-workspace-new/MavenJavaDemo
2019-12-16 02:37:16.097+0000 INFO [o.n.k.i.DiagnosticsManager] System.properties:
2019-12-16 02:37:16.097+0000 INFO [o.n.k.i.DiagnosticsManager] sun.boot.library.path = /Library/Java/JavaVirtualMachines/jdk1.8.0_181.jdk/Contents/Home/jre/lib
2019-12-16 02:37:16.097+0000 INFO [o.n.k.i.DiagnosticsManager] gopherProxySet = false
2019-12-16 02:37:16.097+0000 INFO [o.n.k.i.DiagnosticsManager] path.separator = :
2019-12-16 02:37:16.097+0000 INFO [o.n.k.i.DiagnosticsManager] file.encoding.pkg = sun.io
2019-12-16 02:37:16.097+0000 INFO [o.n.k.i.DiagnosticsManager] user.country = CN
2019-12-16 02:37:16.097+0000 INFO [o.n.k.i.DiagnosticsManager] sun.java.launcher = SUN_STANDARD
2019-12-16 02:37:16.097+0000 INFO [o.n.k.i.DiagnosticsManager] sun.os.patch.level = unknown
2019-12-16 02:37:16.097+0000 INFO [o.n.k.i.DiagnosticsManager] user.dir = /Users/liweizhuo/eclipse-workspace-new/MavenJavaDemo
2019-12-16 02:37:16.097+0000 INFO [o.n.k.i.DiagnosticsManager] sun.jnu.encoding = UTF-8
2019-12-16 02:37:16.097+0000 INFO [o.n.k.i.DiagnosticsManager] sun.management.compiler = HotSpot 64-Bit Tiered Compilers
2019-12-16 02:37:16.097+0000 INFO [o.n.k.i.DiagnosticsManager] user.home = /Users/liweizhuo
2019-12-16 02:37:16.097+0000 INFO [o.n.k.i.DiagnosticsManager] user.timezone = Asia/Shanghai
2019-12-16 02:37:16.097+0000 INFO [o.n.k.i.DiagnosticsManager] file.encoding = UTF-8
2019-12-16 02:37:16.097+0000 INFO [o.n.k.i.DiagnosticsManager] user.name = liweizhuo
2019-12-16 02:37:16.097+0000 INFO [o.n.k.i.DiagnosticsManager] sun.java.command = com.weizhuo.demo.OWLToGraphDBDemo
2019-12-16 02:37:16.097+0000 INFO [o.n.k.i.DiagnosticsManager] sun.arch.data.model = 64
2019-12-16 02:37:16.098+0000 INFO [o.n.k.i.DiagnosticsManager] user.language = zh
2019-12-16 02:37:16.098+0000 INFO [o.n.k.i.DiagnosticsManager] awt.toolkit = sun.lwawt.macosx.LWCToolkit
2019-12-16 02:37:16.098+0000 INFO [o.n.k.i.DiagnosticsManager] file.separator = /
2019-12-16 02:37:16.098+0000 INFO [o.n.k.i.DiagnosticsManager] sun.io.unicode.encoding = UnicodeBig
2019-12-16 02:37:16.098+0000 INFO [o.n.k.i.DiagnosticsManager] sun.cpu.endian = little
2019-12-16 02:37:16.098+0000 INFO [o.n.k.i.DiagnosticsManager] sun.cpu.isalist = 
2019-12-16 02:37:16.098+0000 INFO [o.n.k.i.DiagnosticsManager] Network information:
2019-12-16 02:37:16.102+0000 INFO [o.n.k.i.DiagnosticsManager] Interface utun1:
2019-12-16 02:37:16.102+0000 INFO [o.n.k.i.DiagnosticsManager]     address: fe80:0:0:0:9faa:479f:263f:fd63%utun1
2019-12-16 02:37:16.102+0000 INFO [o.n.k.i.DiagnosticsManager] Interface utun0:
2019-12-16 02:37:16.102+0000 INFO [o.n.k.i.DiagnosticsManager]     address: fe80:0:0:0:128e:a30c:8702:5afa%utun0
2019-12-16 02:37:16.102+0000 INFO [o.n.k.i.DiagnosticsManager] Interface awdl0:
2019-12-16 02:37:16.103+0000 INFO [o.n.k.i.DiagnosticsManager]     address: fe80:0:0:0:706f:b9ff:fe1f:d82a%awdl0
2019-12-16 02:37:16.103+0000 INFO [o.n.k.i.DiagnosticsManager] Interface en5:
2019-12-16 02:37:16.103+0000 INFO [o.n.k.i.DiagnosticsManager]     address: fe80:0:0:0:aede:48ff:fe00:1122%en5
2019-12-16 02:37:16.103+0000 INFO [o.n.k.i.DiagnosticsManager] Interface en0:
2019-12-16 02:37:16.103+0000 INFO [o.n.k.i.DiagnosticsManager]     address: 2001:da8:1002:8419:0:0:0:7ebf%en0
2019-12-16 02:37:16.103+0000 INFO [o.n.k.i.DiagnosticsManager]     address: fe80:0:0:0:c7b:fe7d:1fca:ea05%en0
2019-12-16 02:37:16.103+0000 INFO [o.n.k.i.DiagnosticsManager]     address: 10.192.5.86
2019-12-16 02:37:16.103+0000 INFO [o.n.k.i.DiagnosticsManager] Interface lo0:
2019-12-16 02:37:16.103+0000 INFO [o.n.k.i.DiagnosticsManager]     address: fe80:0:0:0:0:0:0:1%lo0
2019-12-16 02:37:16.103+0000 INFO [o.n.k.i.DiagnosticsManager]     address: 0:0:0:0:0:0:0:1%lo0
2019-12-16 02:37:16.103+0000 INFO [o.n.k.i.DiagnosticsManager]     address: 127.0.0.1
2019-12-16 02:37:16.103+0000 INFO [o.n.k.i.DiagnosticsManager] --- INITIALIZED diagnostics END ---
2019-12-16 02:37:16.199+0000 INFO [o.n.k.i.s.f.RecordFormatSelector] Selected format 'RecordFormat:StandardV3_2[v0.A.8]' for the new store
2019-12-16 02:37:16.399+0000 INFO [o.n.k.i.a.i.IndexingService] IndexingService.init: indexes not specifically mentioned above are null
2019-12-16 02:37:16.400+0000 INFO [o.n.k.i.i.l.NativeLabelScanStore] No scan store found, this might just be first use. Preparing to rebuild.
2019-12-16 02:37:16.418+0000 INFO [o.n.k.NeoStoreDataSource] Opened logical log [/Users/liweizhuo/eclipse-workspace-new/MavenJavaDemo/neo4j-db/mouse/neostore.transaction.db.0] version=0, lastTxId=1 (clean)
2019-12-16 02:37:16.419+0000 INFO [o.n.k.NeoStoreDataSource] No commits found after last check point (which is at <no log position given>)
2019-12-16 02:37:16.424+0000 WARN [o.n.k.i.s.MetaDataStore] Missing counts store, rebuilding it.
2019-12-16 02:37:16.518+0000 WARN [o.n.k.i.s.MetaDataStore] Counts store rebuild completed.
2019-12-16 02:37:16.533+0000 INFO [o.n.k.i.a.i.IndexingService] IndexingService.start: indexes not specifically mentioned above are null
2019-12-16 02:37:16.534+0000 INFO [o.n.k.i.i.l.NativeLabelScanStore] Rebuilding scan store, this may take a while
2019-12-16 02:37:16.540+0000 INFO [o.n.k.i.i.l.NativeLabelScanStore] Scan store rebuilt (roughly 0 nodes)
2019-12-16 02:37:16.543+0000 INFO [o.n.k.i.DatabaseHealth] Database health set to OK
2019-12-16 02:37:16.832+0000 INFO [o.n.k.AvailabilityGuard] Fulfilling of requirement makes database available: Database available
2019-12-16 02:37:16.833+0000 INFO [o.n.k.i.f.GraphDatabaseFacadeFactory] Database is now ready
2019-12-16 02:37:16.834+0000 INFO [o.n.k.i.DiagnosticsManager] --- STARTED diagnostics for KernelDiagnostics:Versions START ---
2019-12-16 02:37:16.834+0000 INFO [o.n.k.i.DiagnosticsManager] Graph Database: community single StoreId{creationTime=1576463836321, randomId=5946906492863874275, storeVersion=15813456178476550, upgradeTime=1576463836321, upgradeId=1}
2019-12-16 02:37:16.834+0000 INFO [o.n.k.i.DiagnosticsManager] Kernel version: 3.3.4,a97930c567060dad961d7c06c8f225dcb15582f3
2019-12-16 02:37:16.834+0000 INFO [o.n.k.i.DiagnosticsManager] --- STARTED diagnostics for KernelDiagnostics:Versions END ---
2019-12-16 02:37:16.835+0000 INFO [o.n.k.i.DiagnosticsManager] --- STARTED diagnostics for NEO_STORE_VERSIONS START ---
2019-12-16 02:37:16.836+0000 INFO [o.n.k.i.DiagnosticsManager] Store versions:
2019-12-16 02:37:16.836+0000 INFO [o.n.k.i.DiagnosticsManager] Store versions:
2019-12-16 02:37:16.836+0000 INFO [o.n.k.i.DiagnosticsManager]   ArrayPropertyStore v0.A.8
2019-12-16 02:37:16.836+0000 INFO [o.n.k.i.DiagnosticsManager]   NodeStore v0.A.8
2019-12-16 02:37:16.836+0000 INFO [o.n.k.i.DiagnosticsManager]   StringPropertyStore v0.A.8
2019-12-16 02:37:16.836+0000 INFO [o.n.k.i.DiagnosticsManager]   PropertyIndexStore v0.A.8
2019-12-16 02:37:16.836+0000 INFO [o.n.k.i.DiagnosticsManager]   StringPropertyStore v0.A.8
2019-12-16 02:37:16.836+0000 INFO [o.n.k.i.DiagnosticsManager]   ArrayPropertyStore v0.A.8
2019-12-16 02:37:16.836+0000 INFO [o.n.k.i.DiagnosticsManager]   PropertyStore v0.A.8
2019-12-16 02:37:16.836+0000 INFO [o.n.k.i.DiagnosticsManager]   RelationshipStore v0.A.8
2019-12-16 02:37:16.836+0000 INFO [o.n.k.i.DiagnosticsManager]   StringPropertyStore v0.A.8
2019-12-16 02:37:16.836+0000 INFO [o.n.k.i.DiagnosticsManager]   RelationshipTypeStore v0.A.8
2019-12-16 02:37:16.837+0000 INFO [o.n.k.i.DiagnosticsManager]   StringPropertyStore v0.A.8
2019-12-16 02:37:16.837+0000 INFO [o.n.k.i.DiagnosticsManager]   LabelTokenStore v0.A.8
2019-12-16 02:37:16.837+0000 INFO [o.n.k.i.DiagnosticsManager]   SchemaStore v0.A.8
2019-12-16 02:37:16.837+0000 INFO [o.n.k.i.DiagnosticsManager]   RelationshipGroupStore v0.A.8
2019-12-16 02:37:16.837+0000 INFO [o.n.k.i.DiagnosticsManager]   NeoStore v0.A.8
2019-12-16 02:37:16.837+0000 INFO [o.n.k.i.DiagnosticsManager] --- STARTED diagnostics for NEO_STORE_VERSIONS END ---
2019-12-16 02:37:16.837+0000 INFO [o.n.k.i.DiagnosticsManager] --- STARTED diagnostics for NEO_STORE_ID_USAGE START ---
2019-12-16 02:37:16.837+0000 INFO [o.n.k.i.DiagnosticsManager] Id usage:
2019-12-16 02:37:16.837+0000 INFO [o.n.k.i.DiagnosticsManager] Id usage:
2019-12-16 02:37:16.838+0000 INFO [o.n.k.i.DiagnosticsManager]   ArrayPropertyStore: used=1 high=0
2019-12-16 02:37:16.838+0000 INFO [o.n.k.i.DiagnosticsManager]   NodeStore: used=0 high=-1
2019-12-16 02:37:16.838+0000 INFO [o.n.k.i.DiagnosticsManager]   StringPropertyStore: used=1 high=0
2019-12-16 02:37:16.838+0000 INFO [o.n.k.i.DiagnosticsManager]   PropertyIndexStore: used=0 high=-1
2019-12-16 02:37:16.838+0000 INFO [o.n.k.i.DiagnosticsManager]   StringPropertyStore: used=1 high=0
2019-12-16 02:37:16.838+0000 INFO [o.n.k.i.DiagnosticsManager]   ArrayPropertyStore: used=1 high=0
2019-12-16 02:37:16.838+0000 INFO [o.n.k.i.DiagnosticsManager]   PropertyStore: used=0 high=-1
2019-12-16 02:37:16.838+0000 INFO [o.n.k.i.DiagnosticsManager]   RelationshipStore: used=0 high=-1
2019-12-16 02:37:16.839+0000 INFO [o.n.k.i.DiagnosticsManager]   StringPropertyStore: used=1 high=0
2019-12-16 02:37:16.839+0000 INFO [o.n.k.i.DiagnosticsManager]   RelationshipTypeStore: used=0 high=-1
2019-12-16 02:37:16.839+0000 INFO [o.n.k.i.DiagnosticsManager]   StringPropertyStore: used=1 high=0
2019-12-16 02:37:16.839+0000 INFO [o.n.k.i.DiagnosticsManager]   LabelTokenStore: used=0 high=-1
2019-12-16 02:37:16.839+0000 INFO [o.n.k.i.DiagnosticsManager]   SchemaStore: used=1 high=0
2019-12-16 02:37:16.839+0000 INFO [o.n.k.i.DiagnosticsManager]   RelationshipGroupStore: used=1 high=0
2019-12-16 02:37:16.839+0000 INFO [o.n.k.i.DiagnosticsManager]   NeoStore: used=15 high=14
2019-12-16 02:37:16.839+0000 INFO [o.n.k.i.DiagnosticsManager] --- STARTED diagnostics for NEO_STORE_ID_USAGE END ---
2019-12-16 02:37:16.839+0000 INFO [o.n.k.i.DiagnosticsManager] --- STARTED diagnostics for NEO_STORE_RECORDS START ---
2019-12-16 02:37:16.840+0000 INFO [o.n.k.i.DiagnosticsManager] Neostore records:
2019-12-16 02:37:16.841+0000 INFO [o.n.k.i.DiagnosticsManager] TIME (Creation time): 1576463836321
2019-12-16 02:37:16.841+0000 INFO [o.n.k.i.DiagnosticsManager] RANDOM_NUMBER (Random number for store id): 5946906492863874275
2019-12-16 02:37:16.841+0000 INFO [o.n.k.i.DiagnosticsManager] LOG_VERSION (Current log version): 0
2019-12-16 02:37:16.841+0000 INFO [o.n.k.i.DiagnosticsManager] LAST_TRANSACTION_ID (Last committed transaction): 1
2019-12-16 02:37:16.841+0000 INFO [o.n.k.i.DiagnosticsManager] STORE_VERSION (Store format version): 15813456178476550
2019-12-16 02:37:16.841+0000 INFO [o.n.k.i.DiagnosticsManager] FIRST_GRAPH_PROPERTY (First property record containing graph properties): -1
2019-12-16 02:37:16.841+0000 INFO [o.n.k.i.DiagnosticsManager] LAST_CONSTRAINT_TRANSACTION (Last committed transaction containing constraint changes): 0
2019-12-16 02:37:16.841+0000 INFO [o.n.k.i.DiagnosticsManager] UPGRADE_TRANSACTION_ID (Transaction id most recent upgrade was performed at): 1
2019-12-16 02:37:16.842+0000 INFO [o.n.k.i.DiagnosticsManager] UPGRADE_TIME (Time of last upgrade): 1576463836321
2019-12-16 02:37:16.842+0000 INFO [o.n.k.i.DiagnosticsManager] LAST_TRANSACTION_CHECKSUM (Checksum of last committed transaction): 0
2019-12-16 02:37:16.842+0000 INFO [o.n.k.i.DiagnosticsManager] UPGRADE_TRANSACTION_CHECKSUM (Checksum of transaction id the most recent upgrade was performed at): 0
2019-12-16 02:37:16.842+0000 INFO [o.n.k.i.DiagnosticsManager] LAST_CLOSED_TRANSACTION_LOG_VERSION (Log version where the last transaction commit entry has been written into): 0
2019-12-16 02:37:16.842+0000 INFO [o.n.k.i.DiagnosticsManager] LAST_CLOSED_TRANSACTION_LOG_BYTE_OFFSET (Byte offset in the log file where the last transaction commit entry has been written into): 16
2019-12-16 02:37:16.842+0000 INFO [o.n.k.i.DiagnosticsManager] LAST_TRANSACTION_COMMIT_TIMESTAMP (Commit time timestamp for last committed transaction): 0
2019-12-16 02:37:16.842+0000 INFO [o.n.k.i.DiagnosticsManager] UPGRADE_TRANSACTION_COMMIT_TIMESTAMP (Commit timestamp of transaction the most recent upgrade was performed at): 0
2019-12-16 02:37:16.842+0000 INFO [o.n.k.i.DiagnosticsManager] --- STARTED diagnostics for NEO_STORE_RECORDS END ---
2019-12-16 02:37:16.843+0000 INFO [o.n.k.i.DiagnosticsManager] --- STARTED diagnostics for TRANSACTION_RANGE START ---
2019-12-16 02:37:16.843+0000 INFO [o.n.k.i.DiagnosticsManager] Transaction log:
2019-12-16 02:37:16.844+0000 INFO [o.n.k.i.DiagnosticsManager] No transactions found in any log
2019-12-16 02:37:16.844+0000 INFO [o.n.k.i.DiagnosticsManager] --- STARTED diagnostics for TRANSACTION_RANGE END ---
2019-12-16 02:37:16.846+0000 INFO [o.n.k.i.DiagnosticsManager] --- STARTED diagnostics for KernelDiagnostics:StoreFiles START ---
2019-12-16 02:37:16.847+0000 INFO [o.n.k.i.DiagnosticsManager] Disk space on partition (Total / Free / Free %): 250685575168 / 89583165440 / 35
2019-12-16 02:37:16.847+0000 INFO [o.n.k.i.DiagnosticsManager] Storage files: (filename : modification date - size)
2019-12-16 02:37:16.848+0000 INFO [o.n.k.i.DiagnosticsManager]   index:
2019-12-16 02:37:16.848+0000 INFO [o.n.k.i.DiagnosticsManager]   - Total: 2019-12-16T10:37:16+0800 - 0.00 B
2019-12-16 02:37:16.848+0000 INFO [o.n.k.i.DiagnosticsManager]   logs:
2019-12-16 02:37:16.849+0000 INFO [o.n.k.i.DiagnosticsManager]     debug.log: 2019-12-16T10:37:16+0800 - 38.41 kB
2019-12-16 02:37:16.849+0000 INFO [o.n.k.i.DiagnosticsManager]   - Total: 2019-12-16T10:37:15+0800 - 38.41 kB
2019-12-16 02:37:16.849+0000 INFO [o.n.k.i.DiagnosticsManager]   neostore: 2019-12-16T10:37:16+0800 - 8.00 kB
2019-12-16 02:37:16.850+0000 INFO [o.n.k.i.DiagnosticsManager]   neostore.counts.db.a: 2019-12-16T10:37:16+0800 - 96.00 B
2019-12-16 02:37:16.850+0000 INFO [o.n.k.i.DiagnosticsManager]   neostore.id: 2019-12-16T10:37:16+0800 - 9.00 B
2019-12-16 02:37:16.850+0000 INFO [o.n.k.i.DiagnosticsManager]   neostore.labelscanstore.db: 2019-12-16T10:37:16+0800 - 40.00 kB
2019-12-16 02:37:16.850+0000 INFO [o.n.k.i.DiagnosticsManager]   neostore.labeltokenstore.db: 2019-12-16T10:37:16+0800 - 0.00 B
2019-12-16 02:37:16.850+0000 INFO [o.n.k.i.DiagnosticsManager]   neostore.labeltokenstore.db.id: 2019-12-16T10:37:16+0800 - 9.00 B
2019-12-16 02:37:16.850+0000 INFO [o.n.k.i.DiagnosticsManager]   neostore.labeltokenstore.db.names: 2019-12-16T10:37:16+0800 - 8.00 kB
2019-12-16 02:37:16.850+0000 INFO [o.n.k.i.DiagnosticsManager]   neostore.labeltokenstore.db.names.id: 2019-12-16T10:37:16+0800 - 9.00 B
2019-12-16 02:37:16.851+0000 INFO [o.n.k.i.DiagnosticsManager]   neostore.nodestore.db: 2019-12-16T10:37:16+0800 - 0.00 B
2019-12-16 02:37:16.851+0000 INFO [o.n.k.i.DiagnosticsManager]   neostore.nodestore.db.id: 2019-12-16T10:37:16+0800 - 9.00 B
2019-12-16 02:37:16.851+0000 INFO [o.n.k.i.DiagnosticsManager]   neostore.nodestore.db.labels: 2019-12-16T10:37:16+0800 - 8.00 kB
2019-12-16 02:37:16.851+0000 INFO [o.n.k.i.DiagnosticsManager]   neostore.nodestore.db.labels.id: 2019-12-16T10:37:16+0800 - 9.00 B
2019-12-16 02:37:16.851+0000 INFO [o.n.k.i.DiagnosticsManager]   neostore.propertystore.db: 2019-12-16T10:37:16+0800 - 0.00 B
2019-12-16 02:37:16.851+0000 INFO [o.n.k.i.DiagnosticsManager]   neostore.propertystore.db.arrays: 2019-12-16T10:37:16+0800 - 8.00 kB
2019-12-16 02:37:16.851+0000 INFO [o.n.k.i.DiagnosticsManager]   neostore.propertystore.db.arrays.id: 2019-12-16T10:37:16+0800 - 9.00 B
2019-12-16 02:37:16.852+0000 INFO [o.n.k.i.DiagnosticsManager]   neostore.propertystore.db.id: 2019-12-16T10:37:16+0800 - 9.00 B
2019-12-16 02:37:16.852+0000 INFO [o.n.k.i.DiagnosticsManager]   neostore.propertystore.db.index: 2019-12-16T10:37:16+0800 - 0.00 B
2019-12-16 02:37:16.852+0000 INFO [o.n.k.i.DiagnosticsManager]   neostore.propertystore.db.index.id: 2019-12-16T10:37:16+0800 - 9.00 B
2019-12-16 02:37:16.852+0000 INFO [o.n.k.i.DiagnosticsManager]   neostore.propertystore.db.index.keys: 2019-12-16T10:37:16+0800 - 8.00 kB
2019-12-16 02:37:16.852+0000 INFO [o.n.k.i.DiagnosticsManager]   neostore.propertystore.db.index.keys.id: 2019-12-16T10:37:16+0800 - 9.00 B
2019-12-16 02:37:16.852+0000 INFO [o.n.k.i.DiagnosticsManager]   neostore.propertystore.db.strings: 2019-12-16T10:37:16+0800 - 8.00 kB
2019-12-16 02:37:16.852+0000 INFO [o.n.k.i.DiagnosticsManager]   neostore.propertystore.db.strings.id: 2019-12-16T10:37:16+0800 - 9.00 B
2019-12-16 02:37:16.852+0000 INFO [o.n.k.i.DiagnosticsManager]   neostore.relationshipgroupstore.db: 2019-12-16T10:37:16+0800 - 8.00 kB
2019-12-16 02:37:16.853+0000 INFO [o.n.k.i.DiagnosticsManager]   neostore.relationshipgroupstore.db.id: 2019-12-16T10:37:16+0800 - 9.00 B
2019-12-16 02:37:16.853+0000 INFO [o.n.k.i.DiagnosticsManager]   neostore.relationshipstore.db: 2019-12-16T10:37:16+0800 - 0.00 B
2019-12-16 02:37:16.853+0000 INFO [o.n.k.i.DiagnosticsManager]   neostore.relationshipstore.db.id: 2019-12-16T10:37:16+0800 - 9.00 B
2019-12-16 02:37:16.853+0000 INFO [o.n.k.i.DiagnosticsManager]   neostore.relationshiptypestore.db: 2019-12-16T10:37:16+0800 - 0.00 B
2019-12-16 02:37:16.853+0000 INFO [o.n.k.i.DiagnosticsManager]   neostore.relationshiptypestore.db.id: 2019-12-16T10:37:16+0800 - 9.00 B
2019-12-16 02:37:16.853+0000 INFO [o.n.k.i.DiagnosticsManager]   neostore.relationshiptypestore.db.names: 2019-12-16T10:37:16+0800 - 8.00 kB
2019-12-16 02:37:16.853+0000 INFO [o.n.k.i.DiagnosticsManager]   neostore.relationshiptypestore.db.names.id: 2019-12-16T10:37:16+0800 - 9.00 B
2019-12-16 02:37:16.854+0000 INFO [o.n.k.i.DiagnosticsManager]   neostore.schemastore.db: 2019-12-16T10:37:16+0800 - 8.00 kB
2019-12-16 02:37:16.854+0000 INFO [o.n.k.i.DiagnosticsManager]   neostore.schemastore.db.id: 2019-12-16T10:37:16+0800 - 9.00 B
2019-12-16 02:37:16.854+0000 INFO [o.n.k.i.DiagnosticsManager]   neostore.transaction.db.0: 2019-12-16T10:37:16+0800 - 16.00 B
2019-12-16 02:37:16.854+0000 INFO [o.n.k.i.DiagnosticsManager]   store_lock: 2019-12-16T10:37:16+0800 - 0.00 B
2019-12-16 02:37:16.854+0000 INFO [o.n.k.i.DiagnosticsManager] Storage summary: 
2019-12-16 02:37:16.854+0000 INFO [o.n.k.i.DiagnosticsManager]   Total size of store: 150.65 kB
2019-12-16 02:37:16.854+0000 INFO [o.n.k.i.DiagnosticsManager]   Total size of mapped files: 112.00 kB
2019-12-16 02:37:16.855+0000 INFO [o.n.k.i.DiagnosticsManager] --- STARTED diagnostics for KernelDiagnostics:StoreFiles END ---
2019-12-16 02:37:24.836+0000 INFO [o.n.k.i.f.GraphDatabaseFacadeFactory] Shutdown started
2019-12-16 02:37:24.837+0000 INFO [o.n.k.i.f.GraphDatabaseFacadeFactory] Database is now unavailable
2019-12-16 02:37:24.841+0000 INFO [o.n.k.i.t.l.c.CheckPointerImpl] Check Pointing triggered by database shutdown [9]:  Starting check pointing...
2019-12-16 02:37:24.841+0000 INFO [o.n.k.i.t.l.c.CheckPointerImpl] Check Pointing triggered by database shutdown [9]:  Starting store flush...
2019-12-16 02:37:24.866+0000 INFO [o.n.k.i.s.c.CountsTracker] About to rotate counts store at transaction 9 to [/Users/liweizhuo/eclipse-workspace-new/MavenJavaDemo/neo4j-db/mouse/neostore.counts.db.b], from [/Users/liweizhuo/eclipse-workspace-new/MavenJavaDemo/neo4j-db/mouse/neostore.counts.db.a].
2019-12-16 02:37:24.866+0000 INFO [o.n.k.i.s.c.CountsTracker] Successfully rotated counts store at transaction 9 to [/Users/liweizhuo/eclipse-workspace-new/MavenJavaDemo/neo4j-db/mouse/neostore.counts.db.b], from [/Users/liweizhuo/eclipse-workspace-new/MavenJavaDemo/neo4j-db/mouse/neostore.counts.db.a].
2019-12-16 02:37:24.870+0000 INFO [o.n.k.i.t.l.c.CheckPointerImpl] Check Pointing triggered by database shutdown [9]:  Store flush completed
2019-12-16 02:37:24.870+0000 INFO [o.n.k.i.t.l.c.CheckPointerImpl] Check Pointing triggered by database shutdown [9]:  Starting appending check point entry into the tx log...
2019-12-16 02:37:24.870+0000 INFO [o.n.k.i.t.l.c.CheckPointerImpl] Check Pointing triggered by database shutdown [9]:  Appending check point entry into the tx log completed
2019-12-16 02:37:24.870+0000 INFO [o.n.k.i.t.l.c.CheckPointerImpl] Check Pointing triggered by database shutdown [9]:  Check pointing completed
2019-12-16 02:37:24.871+0000 INFO [o.n.k.i.t.l.p.LogPruningImpl] Log Rotation [0]:  Starting log pruning.
2019-12-16 02:37:24.871+0000 INFO [o.n.k.i.t.l.p.LogPruningImpl] Log Rotation [0]:  Log pruning complete.
2019-12-16 02:37:24.882+0000 INFO [o.n.k.i.DiagnosticsManager] --- STOPPING diagnostics START ---
2019-12-16 02:37:24.882+0000 INFO [o.n.k.i.DiagnosticsManager] --- STOPPING diagnostics END ---
2019-12-16 02:37:44.151+0000 WARN [o.n.i.p.PageCache] The dbms.memory.pagecache.size setting has not been configured. It is recommended that this setting is always explicitly configured, to ensure the system has a balanced configuration. Until then, a computed heuristic value of 6681001984 bytes will be used instead. Run `neo4j-admin memrec` for memory configuration suggestions.
2019-12-16 02:37:44.406+0000 INFO [o.n.k.i.f.CommunityEditionModule] No locking implementation specified, defaulting to 'community'
2019-12-16 02:37:44.532+0000 INFO [o.n.k.AvailabilityGuard] Requirement makes database unavailable: Database available
2019-12-16 02:37:44.547+0000 INFO [o.n.k.i.DiagnosticsManager] --- INITIALIZED diagnostics START ---
2019-12-16 02:37:44.547+0000 INFO [o.n.k.i.DiagnosticsManager] Neo4j Kernel properties:
2019-12-16 02:37:44.547+0000 INFO [o.n.k.i.DiagnosticsManager] unsupported.dbms.directories.neo4j_home=/Users/liweizhuo/eclipse-workspace-new/MavenJavaDemo/neo4j-db/mouse
2019-12-16 02:37:44.548+0000 INFO [o.n.k.i.DiagnosticsManager] unsupported.dbms.edition=community
2019-12-16 02:37:44.548+0000 INFO [o.n.k.i.DiagnosticsManager] unsupported.dbms.ephemeral=false
2019-12-16 02:37:44.548+0000 INFO [o.n.k.i.DiagnosticsManager] Diagnostics providers:
2019-12-16 02:37:44.548+0000 INFO [o.n.k.i.DiagnosticsManager] org.neo4j.kernel.configuration.Config
2019-12-16 02:37:44.548+0000 INFO [o.n.k.i.DiagnosticsManager] org.neo4j.kernel.info.DiagnosticsManager
2019-12-16 02:37:44.548+0000 INFO [o.n.k.i.DiagnosticsManager] SYSTEM_MEMORY
2019-12-16 02:37:44.548+0000 INFO [o.n.k.i.DiagnosticsManager] JAVA_MEMORY
2019-12-16 02:37:44.548+0000 INFO [o.n.k.i.DiagnosticsManager] OPERATING_SYSTEM
2019-12-16 02:37:44.548+0000 INFO [o.n.k.i.DiagnosticsManager] JAVA_VIRTUAL_MACHINE
2019-12-16 02:37:44.548+0000 INFO [o.n.k.i.DiagnosticsManager] CLASSPATH
2019-12-16 02:37:44.548+0000 INFO [o.n.k.i.DiagnosticsManager] LIBRARY_PATH
2019-12-16 02:37:44.548+0000 INFO [o.n.k.i.DiagnosticsManager] SYSTEM_PROPERTIES
2019-12-16 02:37:44.548+0000 INFO [o.n.k.i.DiagnosticsManager] NETWORK
2019-12-16 02:37:44.549+0000 INFO [o.n.k.i.DiagnosticsManager] System memory information:
2019-12-16 02:37:44.550+0000 INFO [o.n.k.i.DiagnosticsManager] Total Physical memory: 16.00 GB
2019-12-16 02:37:44.551+0000 INFO [o.n.k.i.DiagnosticsManager] Free Physical memory: 2.85 GB
2019-12-16 02:37:44.551+0000 INFO [o.n.k.i.DiagnosticsManager] Committed virtual memory: 9.65 GB
2019-12-16 02:37:44.552+0000 INFO [o.n.k.i.DiagnosticsManager] Total swap space: 3.00 GB
2019-12-16 02:37:44.552+0000 INFO [o.n.k.i.DiagnosticsManager] Free swap space: 974.00 MB
2019-12-16 02:37:44.552+0000 INFO [o.n.k.i.DiagnosticsManager] JVM memory information:
2019-12-16 02:37:44.553+0000 INFO [o.n.k.i.DiagnosticsManager] Free  memory: 230.31 MB
2019-12-16 02:37:44.553+0000 INFO [o.n.k.i.DiagnosticsManager] Total memory: 245.50 MB
2019-12-16 02:37:44.553+0000 INFO [o.n.k.i.DiagnosticsManager] Max   memory: 3.56 GB
2019-12-16 02:37:44.554+0000 INFO [o.n.k.i.DiagnosticsManager] Garbage Collector: PS Scavenge: [PS Eden Space, PS Survivor Space]
2019-12-16 02:37:44.554+0000 INFO [o.n.k.i.DiagnosticsManager] Garbage Collector: PS MarkSweep: [PS Eden Space, PS Survivor Space, PS Old Gen]
2019-12-16 02:37:44.556+0000 INFO [o.n.k.i.DiagnosticsManager] Memory Pool: Code Cache (Non-heap memory): committed=4.56 MB, used=4.54 MB, max=240.00 MB, threshold=0.00 B
2019-12-16 02:37:44.557+0000 INFO [o.n.k.i.DiagnosticsManager] Memory Pool: Metaspace (Non-heap memory): committed=12.88 MB, used=12.19 MB, max=-1.00 B, threshold=0.00 B
2019-12-16 02:37:44.557+0000 INFO [o.n.k.i.DiagnosticsManager] Memory Pool: Compressed Class Space (Non-heap memory): committed=1.88 MB, used=1.61 MB, max=1.00 GB, threshold=0.00 B
2019-12-16 02:37:44.557+0000 INFO [o.n.k.i.DiagnosticsManager] Memory Pool: PS Eden Space (Heap memory): committed=64.00 MB, used=5.66 MB, max=1.31 GB, threshold=?
2019-12-16 02:37:44.557+0000 INFO [o.n.k.i.DiagnosticsManager] Memory Pool: PS Survivor Space (Heap memory): committed=10.50 MB, used=9.51 MB, max=10.50 MB, threshold=?
2019-12-16 02:37:44.558+0000 INFO [o.n.k.i.DiagnosticsManager] Memory Pool: PS Old Gen (Heap memory): committed=171.00 MB, used=24.00 kB, max=2.67 GB, threshold=0.00 B
2019-12-16 02:37:44.558+0000 INFO [o.n.k.i.DiagnosticsManager] Operating system information:
2019-12-16 02:37:44.559+0000 INFO [o.n.k.i.DiagnosticsManager] Operating System: Mac OS X; version: 10.14.6; arch: x86_64; cpus: 8
2019-12-16 02:37:44.559+0000 INFO [o.n.k.i.DiagnosticsManager] Max number of file descriptors: 10240
2019-12-16 02:37:44.560+0000 INFO [o.n.k.i.DiagnosticsManager] Number of open file descriptors: 113
2019-12-16 02:37:44.566+0000 INFO [o.n.k.i.DiagnosticsManager] Process id: 34540@liweizhuodeMacBook-Pro.local
2019-12-16 02:37:44.566+0000 INFO [o.n.k.i.DiagnosticsManager] Byte order: LITTLE_ENDIAN
2019-12-16 02:37:44.568+0000 INFO [o.n.k.i.DiagnosticsManager] Local timezone: Asia/Shanghai
2019-12-16 02:37:44.568+0000 INFO [o.n.k.i.DiagnosticsManager] JVM information:
2019-12-16 02:37:44.568+0000 INFO [o.n.k.i.DiagnosticsManager] VM Name: Java HotSpot(TM) 64-Bit Server VM
2019-12-16 02:37:44.568+0000 INFO [o.n.k.i.DiagnosticsManager] VM Vendor: Oracle Corporation
2019-12-16 02:37:44.568+0000 INFO [o.n.k.i.DiagnosticsManager] VM Version: 25.181-b13
2019-12-16 02:37:44.568+0000 INFO [o.n.k.i.DiagnosticsManager] JIT compiler: HotSpot 64-Bit Tiered Compilers
2019-12-16 02:37:44.569+0000 INFO [o.n.k.i.DiagnosticsManager] VM Arguments: [-Dfile.encoding=UTF-8]
2019-12-16 02:37:44.571+0000 INFO [o.n.k.i.DiagnosticsManager] Java classpath:
2019-12-16 02:37:44.572+0000 INFO [o.n.k.i.DiagnosticsManager]  [classpath + loader.0] file:/Users/liweizhuo/.m2/repository/org/neo4j/neo4j-graph-algo/3.3.4/neo4j-graph-algo-3.3.4.jar
2019-12-16 02:37:44.573+0000 INFO [o.n.k.i.DiagnosticsManager]  [loader.1] file:/Library/Java/JavaVirtualMachines/jdk1.8.0_181.jdk/Contents/Home/jre/lib/ext/sunjce_provider.jar
2019-12-16 02:37:44.573+0000 INFO [o.n.k.i.DiagnosticsManager]  [bootstrap + classpath + loader.0] file:/Library/Java/JavaVirtualMachines/jdk1.8.0_181.jdk/Contents/Home/jre/lib/resources.jar
2019-12-16 02:37:44.573+0000 INFO [o.n.k.i.DiagnosticsManager]  [classpath + loader.0] file:/Users/liweizhuo/.m2/repository/org/neo4j/neo4j-io/3.3.4/neo4j-io-3.3.4.jar
2019-12-16 02:37:44.573+0000 INFO [o.n.k.i.DiagnosticsManager]  [classpath + loader.0] file:/Users/liweizhuo/eclipse-workspace-new/MavenJavaDemo/lib/commons-lang-2.6.jar
2019-12-16 02:37:44.573+0000 INFO [o.n.k.i.DiagnosticsManager]  [classpath + loader.0] file:/Users/liweizhuo/.m2/repository/org/ow2/asm/asm-tree/5.2/asm-tree-5.2.jar
2019-12-16 02:37:44.573+0000 INFO [o.n.k.i.DiagnosticsManager]  [classpath + loader.0] file:/Users/liweizhuo/.m2/repository/org/neo4j/neo4j-cypher/3.3.4/neo4j-cypher-3.3.4.jar
2019-12-16 02:37:44.573+0000 INFO [o.n.k.i.DiagnosticsManager]  [classpath + loader.0] file:/Users/liweizhuo/.m2/repository/org/neo4j/neo4j-unsafe/3.3.4/neo4j-unsafe-3.3.4.jar
2019-12-16 02:37:44.573+0000 INFO [o.n.k.i.DiagnosticsManager]  [classpath + loader.0] file:/Users/liweizhuo/.m2/repository/org/apache/lucene/lucene-backward-codecs/5.5.0/lucene-backward-codecs-5.5.0.jar
2019-12-16 02:37:44.573+0000 INFO [o.n.k.i.DiagnosticsManager]  [classpath + loader.0] file:/Users/liweizhuo/eclipse-workspace-new/MavenJavaDemo/ExternalLib/HermiT_1.3.6.jar
2019-12-16 02:37:44.573+0000 INFO [o.n.k.i.DiagnosticsManager]  [classpath + loader.0] file:/Users/liweizhuo/.m2/repository/org/apache/lucene/lucene-analyzers-common/5.5.0/lucene-analyzers-common-5.5.0.jar
2019-12-16 02:37:44.573+0000 INFO [o.n.k.i.DiagnosticsManager]  [classpath + loader.0] file:/Users/liweizhuo/.m2/repository/org/neo4j/neo4j-cypher-ir-3.2/3.2.9/neo4j-cypher-ir-3.2-3.2.9.jar
2019-12-16 02:37:44.573+0000 INFO [o.n.k.i.DiagnosticsManager]  [classpath + loader.0] file:/Users/liweizhuo/.m2/repository/org/apache/lucene/lucene-core/5.5.0/lucene-core-5.5.0.jar
2019-12-16 02:37:44.573+0000 INFO [o.n.k.i.DiagnosticsManager]  [loader.1] file:/Library/Java/JavaVirtualMachines/jdk1.8.0_181.jdk/Contents/Home/jre/lib/ext/dnsns.jar
2019-12-16 02:37:44.573+0000 INFO [o.n.k.i.DiagnosticsManager]  [classpath + loader.0] file:/Users/liweizhuo/.m2/repository/org/neo4j/neo4j-collections/3.3.4/neo4j-collections-3.3.4.jar
2019-12-16 02:37:44.573+0000 INFO [o.n.k.i.DiagnosticsManager]  [classpath + loader.0] file:/Users/liweizhuo/eclipse-workspace-new/MavenJavaDemo/ExternalLib/commons-lang3-3.4-javadoc.jar
2019-12-16 02:37:44.574+0000 INFO [o.n.k.i.DiagnosticsManager]  [classpath + loader.0] file:/Users/liweizhuo/eclipse-workspace-new/MavenJavaDemo/lib/log4j.jar
2019-12-16 02:37:44.574+0000 INFO [o.n.k.i.DiagnosticsManager]  [classpath + loader.0] file:/Users/liweizhuo/.m2/repository/org/neo4j/neo4j-cypher-compiler-3.2/3.2.9/neo4j-cypher-compiler-3.2-3.2.9.jar
2019-12-16 02:37:44.574+0000 INFO [o.n.k.i.DiagnosticsManager]  [classpath + loader.0] file:/Users/liweizhuo/.m2/repository/org/neo4j/neo4j-logging/3.3.4/neo4j-logging-3.3.4.jar
2019-12-16 02:37:44.574+0000 INFO [o.n.k.i.DiagnosticsManager]  [classpath + loader.0] file:/Users/liweizhuo/.m2/repository/io/netty/netty-all/4.1.21.Final/netty-all-4.1.21.Final.jar
2019-12-16 02:37:44.574+0000 INFO [o.n.k.i.DiagnosticsManager]  [classpath + loader.0] file:/Users/liweizhuo/.m2/repository/org/neo4j/neo4j-cypher-frontend-3.2/3.2.9/neo4j-cypher-frontend-3.2-3.2.9.jar
2019-12-16 02:37:44.574+0000 INFO [o.n.k.i.DiagnosticsManager]  [classpath + loader.0] file:/Users/liweizhuo/.m2/repository/org/neo4j/neo4j-consistency-check/3.3.4/neo4j-consistency-check-3.3.4.jar
2019-12-16 02:37:44.574+0000 INFO [o.n.k.i.DiagnosticsManager]  [bootstrap] /Library/Java/JavaVirtualMachines/jdk1.8.0_181.jdk/Contents/Home/jre/lib/sunrsasign.jar
2019-12-16 02:37:44.574+0000 INFO [o.n.k.i.DiagnosticsManager]  [classpath + loader.0] file:/Users/liweizhuo/eclipse-workspace-new/MavenJavaDemo/lib/owlapi.jar
2019-12-16 02:37:44.574+0000 INFO [o.n.k.i.DiagnosticsManager]  [classpath + loader.0] file:/Users/liweizhuo/.m2/repository/org/neo4j/neo4j-resource/3.3.4/neo4j-resource-3.3.4.jar
2019-12-16 02:37:44.574+0000 INFO [o.n.k.i.DiagnosticsManager]  [classpath + loader.0] file:/Users/liweizhuo/.m2/repository/org/apache/commons/commons-lang3/3.5/commons-lang3-3.5.jar
2019-12-16 02:37:44.574+0000 INFO [o.n.k.i.DiagnosticsManager]  [classpath + loader.0] file:/Users/liweizhuo/eclipse-workspace-new/MavenJavaDemo/ExternalLib/commons-math-1.2.jar
2019-12-16 02:37:44.574+0000 INFO [o.n.k.i.DiagnosticsManager]  [classpath + loader.0] file:/Users/liweizhuo/.m2/repository/org/parboiled/parboiled-core/1.1.7/parboiled-core-1.1.7.jar
2019-12-16 02:37:44.574+0000 INFO [o.n.k.i.DiagnosticsManager]  [classpath + loader.0] file:/Users/liweizhuo/.m2/repository/org/neo4j/neo4j-ssl/3.3.4/neo4j-ssl-3.3.4.jar
2019-12-16 02:37:44.574+0000 INFO [o.n.k.i.DiagnosticsManager]  [classpath + loader.0] file:/Users/liweizhuo/.m2/repository/org/neo4j/neo4j-cypher-compiler-2.3/2.3.12/neo4j-cypher-compiler-2.3-2.3.12.jar
2019-12-16 02:37:44.574+0000 INFO [o.n.k.i.DiagnosticsManager]  [bootstrap + classpath + loader.0] file:/Library/Java/JavaVirtualMachines/jdk1.8.0_181.jdk/Contents/Home/jre/lib/jce.jar
2019-12-16 02:37:44.574+0000 INFO [o.n.k.i.DiagnosticsManager]  [bootstrap + classpath + loader.0] file:/Library/Java/JavaVirtualMachines/jdk1.8.0_181.jdk/Contents/Home/jre/lib/jfr.jar
2019-12-16 02:37:44.574+0000 INFO [o.n.k.i.DiagnosticsManager]  [classpath + loader.0] file:/Users/liweizhuo/.m2/repository/org/bouncycastle/bcprov-jdk15on/1.53/bcprov-jdk15on-1.53.jar
2019-12-16 02:37:44.574+0000 INFO [o.n.k.i.DiagnosticsManager]  [classpath + loader.0] file:/Users/liweizhuo/.m2/repository/org/neo4j/neo4j-cypher-logical-plans-3.3/3.3.4/neo4j-cypher-logical-plans-3.3-3.3.4.jar
2019-12-16 02:37:44.574+0000 INFO [o.n.k.i.DiagnosticsManager]  [classpath + loader.0] file:/Users/liweizhuo/.m2/repository/org/neo4j/neo4j-import-tool/3.3.4/neo4j-import-tool-3.3.4.jar
2019-12-16 02:37:44.575+0000 INFO [o.n.k.i.DiagnosticsManager]  [bootstrap + classpath + loader.0] file:/Library/Java/JavaVirtualMachines/jdk1.8.0_181.jdk/Contents/Home/jre/lib/rt.jar
2019-12-16 02:37:44.575+0000 INFO [o.n.k.i.DiagnosticsManager]  [classpath + loader.0] file:/Users/liweizhuo/eclipse-workspace-new/MavenJavaDemo/lib/swingx-all-1.6.4.jar
2019-12-16 02:37:44.575+0000 INFO [o.n.k.i.DiagnosticsManager]  [classpath + loader.0] file:/Users/liweizhuo/.m2/repository/org/scala-lang/scala-reflect/2.11.12/scala-reflect-2.11.12.jar
2019-12-16 02:37:44.575+0000 INFO [o.n.k.i.DiagnosticsManager]  [classpath + loader.0] file:/Users/liweizhuo/.m2/repository/org/neo4j/neo4j-cypher-ir-3.3/3.3.4/neo4j-cypher-ir-3.3-3.3.4.jar
2019-12-16 02:37:44.575+0000 INFO [o.n.k.i.DiagnosticsManager]  [classpath + loader.0] file:/Users/liweizhuo/.m2/repository/net/sf/opencsv/opencsv/2.3/opencsv-2.3.jar
2019-12-16 02:37:44.575+0000 INFO [o.n.k.i.DiagnosticsManager]  [bootstrap] /Library/Java/JavaVirtualMachines/jdk1.8.0_181.jdk/Contents/Home/jre/classes
2019-12-16 02:37:44.575+0000 INFO [o.n.k.i.DiagnosticsManager]  [classpath + loader.0] file:/Users/liweizhuo/.m2/repository/org/neo4j/neo4j-lucene-upgrade/3.3.4/neo4j-lucene-upgrade-3.3.4.jar
2019-12-16 02:37:44.575+0000 INFO [o.n.k.i.DiagnosticsManager]  [classpath + loader.0] file:/Users/liweizhuo/.m2/repository/org/ow2/asm/asm-util/5.2/asm-util-5.2.jar
2019-12-16 02:37:44.575+0000 INFO [o.n.k.i.DiagnosticsManager]  [classpath + loader.0] file:/Users/liweizhuo/.m2/repository/org/neo4j/neo4j-configuration/3.3.4/neo4j-configuration-3.3.4.jar
2019-12-16 02:37:44.575+0000 INFO [o.n.k.i.DiagnosticsManager]  [classpath + loader.0] file:/Users/liweizhuo/.m2/repository/org/ow2/asm/asm-analysis/5.2/asm-analysis-5.2.jar
2019-12-16 02:37:44.575+0000 INFO [o.n.k.i.DiagnosticsManager]  [classpath + loader.0] file:/Users/liweizhuo/eclipse-workspace-new/MavenJavaDemo/lib/dom4j.jar
2019-12-16 02:37:44.575+0000 INFO [o.n.k.i.DiagnosticsManager]  [classpath + loader.0] file:/Users/liweizhuo/.m2/repository/org/neo4j/neo4j-graph-matching/3.1.6/neo4j-graph-matching-3.1.6.jar
2019-12-16 02:37:44.575+0000 INFO [o.n.k.i.DiagnosticsManager]  [classpath + loader.0] file:/Users/liweizhuo/.m2/repository/org/neo4j/neo4j-codegen/3.3.4/neo4j-codegen-3.3.4.jar
2019-12-16 02:37:44.575+0000 INFO [o.n.k.i.DiagnosticsManager]  [classpath + loader.0] file:/Users/liweizhuo/eclipse-workspace-new/MavenJavaDemo/ExternalLib/ostermillerutils-1.08.02.jar
2019-12-16 02:37:44.575+0000 INFO [o.n.k.i.DiagnosticsManager]  [classpath + loader.0] file:/Users/liweizhuo/.m2/repository/org/scala-lang/scala-library/2.11.12/scala-library-2.11.12.jar
2019-12-16 02:37:44.575+0000 INFO [o.n.k.i.DiagnosticsManager]  [classpath + loader.0] file:/Users/liweizhuo/eclipse-workspace-new/MavenJavaDemo/ExternalLib/commons-logging-1.2.jar
2019-12-16 02:37:44.575+0000 INFO [o.n.k.i.DiagnosticsManager]  [classpath + loader.0] file:/Users/liweizhuo/.m2/repository/com/googlecode/concurrentlinkedhashmap/concurrentlinkedhashmap-lru/1.4.2/concurrentlinkedhashmap-lru-1.4.2.jar
2019-12-16 02:37:44.575+0000 INFO [o.n.k.i.DiagnosticsManager]  [classpath + loader.0] file:/Users/liweizhuo/.m2/repository/org/apache/commons/commons-text/1.1/commons-text-1.1.jar
2019-12-16 02:37:44.575+0000 INFO [o.n.k.i.DiagnosticsManager]  [loader.1] file:/Library/Java/JavaVirtualMachines/jdk1.8.0_181.jdk/Contents/Home/jre/lib/ext/localedata.jar
2019-12-16 02:37:44.575+0000 INFO [o.n.k.i.DiagnosticsManager]  [classpath + loader.0] file:/Users/liweizhuo/eclipse-workspace-new/MavenJavaDemo/ExternalLib/commons-logging-1.2-javadoc.jar
2019-12-16 02:37:44.575+0000 INFO [o.n.k.i.DiagnosticsManager]  [classpath + loader.0] file:/Users/liweizhuo/.m2/repository/org/bouncycastle/bcpkix-jdk15on/1.53/bcpkix-jdk15on-1.53.jar
2019-12-16 02:37:44.575+0000 INFO [o.n.k.i.DiagnosticsManager]  [classpath + loader.0] file:/Users/liweizhuo/.m2/repository/org/neo4j/neo4j-command-line/3.3.4/neo4j-command-line-3.3.4.jar
2019-12-16 02:37:44.576+0000 INFO [o.n.k.i.DiagnosticsManager]  [loader.1] file:/Library/Java/JavaVirtualMachines/jdk1.8.0_181.jdk/Contents/Home/jre/lib/ext/sunpkcs11.jar
2019-12-16 02:37:44.576+0000 INFO [o.n.k.i.DiagnosticsManager]  [classpath + loader.0] file:/Users/liweizhuo/.m2/repository/org/neo4j/neo4j-index/3.3.4/neo4j-index-3.3.4.jar
2019-12-16 02:37:44.576+0000 INFO [o.n.k.i.DiagnosticsManager]  [classpath + loader.0] file:/Users/liweizhuo/.m2/repository/org/neo4j/driver/neo4j-java-driver/1.5.0/neo4j-java-driver-1.5.0.jar
2019-12-16 02:37:44.576+0000 INFO [o.n.k.i.DiagnosticsManager]  [classpath + loader.0] file:/Users/liweizhuo/eclipse-workspace-new/MavenJavaDemo/ExternalLib/concurrent.jar
2019-12-16 02:37:44.576+0000 INFO [o.n.k.i.DiagnosticsManager]  [classpath + loader.0] file:/Users/liweizhuo/eclipse-workspace-new/MavenJavaDemo/ExternalLib/xercesImpl-2.7.1.jar
2019-12-16 02:37:44.576+0000 INFO [o.n.k.i.DiagnosticsManager]  [classpath + loader.0] file:/Users/liweizhuo/eclipse-workspace-new/MavenJavaDemo/ExternalLib/ostermillerutils-1.08.02-javadoc.jar
2019-12-16 02:37:44.576+0000 INFO [o.n.k.i.DiagnosticsManager]  [classpath + loader.0] file:/Users/liweizhuo/.m2/repository/org/neo4j/neo4j-common/3.3.4/neo4j-common-3.3.4.jar
2019-12-16 02:37:44.576+0000 INFO [o.n.k.i.DiagnosticsManager]  [classpath + loader.0] file:/Users/liweizhuo/.m2/repository/org/neo4j/neo4j-values/3.3.4/neo4j-values-3.3.4.jar
2019-12-16 02:37:44.576+0000 INFO [o.n.k.i.DiagnosticsManager]  [classpath + loader.0] file:/Users/liweizhuo/.m2/repository/org/neo4j/neo4j-cypher-frontend-3.3/3.3.4/neo4j-cypher-frontend-3.3-3.3.4.jar
2019-12-16 02:37:44.576+0000 INFO [o.n.k.i.DiagnosticsManager]  [classpath + loader.0] file:/Users/liweizhuo/.m2/repository/org/neo4j/neo4j-cypher-compiler-3.3/3.3.4/neo4j-cypher-compiler-3.3-3.3.4.jar
2019-12-16 02:37:44.576+0000 INFO [o.n.k.i.DiagnosticsManager]  [classpath + loader.0] file:/Users/liweizhuo/eclipse-workspace-new/MavenJavaDemo/ExternalLib/commons-lang3-3.4.jar
2019-12-16 02:37:44.576+0000 INFO [o.n.k.i.DiagnosticsManager]  [loader.1] file:/Library/Java/JavaVirtualMachines/jdk1.8.0_181.jdk/Contents/Home/jre/lib/ext/sunec.jar
2019-12-16 02:37:44.576+0000 INFO [o.n.k.i.DiagnosticsManager]  [loader.1] file:/Library/Java/JavaVirtualMachines/jdk1.8.0_181.jdk/Contents/Home/jre/lib/ext/cldrdata.jar
2019-12-16 02:37:44.576+0000 INFO [o.n.k.i.DiagnosticsManager]  [bootstrap + classpath + loader.0] file:/Library/Java/JavaVirtualMachines/jdk1.8.0_181.jdk/Contents/Home/jre/lib/jsse.jar
2019-12-16 02:37:44.576+0000 INFO [o.n.k.i.DiagnosticsManager]  [classpath + loader.0] file:/Users/liweizhuo/.m2/repository/org/neo4j/neo4j-lucene-index/3.3.4/neo4j-lucene-index-3.3.4.jar
2019-12-16 02:37:44.576+0000 INFO [o.n.k.i.DiagnosticsManager]  [classpath + loader.0] file:/Users/liweizhuo/.m2/repository/org/neo4j/neo4j-udc/3.3.4/neo4j-udc-3.3.4.jar
2019-12-16 02:37:44.576+0000 INFO [o.n.k.i.DiagnosticsManager]  [loader.1] file:/System/Library/Java/Extensions/MRJToolkit.jar
2019-12-16 02:37:44.576+0000 INFO [o.n.k.i.DiagnosticsManager]  [classpath + loader.0] file:/Users/liweizhuo/eclipse-workspace-new/MavenJavaDemo/target/classes/
2019-12-16 02:37:44.576+0000 INFO [o.n.k.i.DiagnosticsManager]  [classpath + loader.0] file:/Users/liweizhuo/eclipse-workspace-new/MavenJavaDemo/ExternalLib/commons-math3-3.6.jar
2019-12-16 02:37:44.576+0000 INFO [o.n.k.i.DiagnosticsManager]  [classpath + loader.0] file:/Users/liweizhuo/eclipse-workspace-new/MavenJavaDemo/ExternalLib/csparsej-1.1.1.jar
2019-12-16 02:37:44.577+0000 INFO [o.n.k.i.DiagnosticsManager]  [classpath + loader.0] file:/Users/liweizhuo/.m2/repository/org/neo4j/neo4j-graphdb-api/3.3.4/neo4j-graphdb-api-3.3.4.jar
2019-12-16 02:37:44.577+0000 INFO [o.n.k.i.DiagnosticsManager]  [loader.1] file:/Library/Java/JavaVirtualMachines/jdk1.8.0_181.jdk/Contents/Home/jre/lib/ext/zipfs.jar
2019-12-16 02:37:44.577+0000 INFO [o.n.k.i.DiagnosticsManager]  [loader.1] file:/Library/Java/JavaVirtualMachines/jdk1.8.0_181.jdk/Contents/Home/jre/lib/ext/jfxrt.jar
2019-12-16 02:37:44.577+0000 INFO [o.n.k.i.DiagnosticsManager]  [classpath + loader.0] file:/Users/liweizhuo/eclipse-workspace-new/MavenJavaDemo/lib/gephi-toolkit.jar
2019-12-16 02:37:44.577+0000 INFO [o.n.k.i.DiagnosticsManager]  [classpath + loader.0] file:/Users/liweizhuo/eclipse-workspace-new/MavenJavaDemo/ExternalLib/jena-2.6.4.jar
2019-12-16 02:37:44.577+0000 INFO [o.n.k.i.DiagnosticsManager]  [classpath + loader.0] file:/Users/liweizhuo/.m2/repository/org/neo4j/neo4j-csv/3.3.4/neo4j-csv-3.3.4.jar
2019-12-16 02:37:44.577+0000 INFO [o.n.k.i.DiagnosticsManager]  [classpath + loader.0] file:/Users/liweizhuo/eclipse-workspace-new/MavenJavaDemo/ExternalLib/slf4j-api-1.5.8.jar
2019-12-16 02:37:44.577+0000 INFO [o.n.k.i.DiagnosticsManager]  [classpath + loader.0] file:/Users/liweizhuo/.m2/repository/org/neo4j/neo4j-jmx/3.3.4/neo4j-jmx-3.3.4.jar
2019-12-16 02:37:44.577+0000 INFO [o.n.k.i.DiagnosticsManager]  [loader.1] file:/Library/Java/JavaVirtualMachines/jdk1.8.0_181.jdk/Contents/Home/jre/lib/ext/jaccess.jar
2019-12-16 02:37:44.577+0000 INFO [o.n.k.i.DiagnosticsManager]  [classpath + loader.0] file:/Users/liweizhuo/.m2/repository/com/github/ben-manes/caffeine/caffeine/2.3.3/caffeine-2.3.3.jar
2019-12-16 02:37:44.577+0000 INFO [o.n.k.i.DiagnosticsManager]  [classpath + loader.0] file:/Users/liweizhuo/eclipse-workspace-new/MavenJavaDemo/ExternalLib/iri-0.8.jar
2019-12-16 02:37:44.577+0000 INFO [o.n.k.i.DiagnosticsManager]  [classpath + loader.0] file:/Users/liweizhuo/.m2/repository/org/neo4j/neo4j-kernel/3.3.4/neo4j-kernel-3.3.4.jar
2019-12-16 02:37:44.577+0000 INFO [o.n.k.i.DiagnosticsManager]  [classpath + loader.0] file:/Users/liweizhuo/.m2/repository/org/neo4j/neo4j-dbms/3.3.4/neo4j-dbms-3.3.4.jar
2019-12-16 02:37:44.577+0000 INFO [o.n.k.i.DiagnosticsManager]  [classpath + loader.0] file:/Users/liweizhuo/.m2/repository/org/neo4j/neo4j-primitive-collections/3.3.4/neo4j-primitive-collections-3.3.4.jar
2019-12-16 02:37:44.577+0000 INFO [o.n.k.i.DiagnosticsManager]  [classpath + loader.0] file:/Users/liweizhuo/.m2/repository/org/ow2/asm/asm/5.2/asm-5.2.jar
2019-12-16 02:37:44.577+0000 INFO [o.n.k.i.DiagnosticsManager]  [loader.1] file:/Library/Java/JavaVirtualMachines/jdk1.8.0_181.jdk/Contents/Home/jre/lib/ext/nashorn.jar
2019-12-16 02:37:44.577+0000 INFO [o.n.k.i.DiagnosticsManager]  [classpath + loader.0] file:/Users/liweizhuo/.m2/repository/org/neo4j/neo4j/3.3.4/neo4j-3.3.4.jar
2019-12-16 02:37:44.577+0000 INFO [o.n.k.i.DiagnosticsManager]  [classpath + loader.0] file:/Users/liweizhuo/eclipse-workspace-new/MavenJavaDemo/ExternalLib/colt.jar
2019-12-16 02:37:44.577+0000 INFO [o.n.k.i.DiagnosticsManager]  [classpath + loader.0] file:/Users/liweizhuo/eclipse-workspace-new/MavenJavaDemo/lib/elk.jar
2019-12-16 02:37:44.577+0000 INFO [o.n.k.i.DiagnosticsManager]  [classpath + loader.0] file:/Users/liweizhuo/eclipse-workspace-new/MavenJavaDemo/lib/simmetrics.jar
2019-12-16 02:37:44.577+0000 INFO [o.n.k.i.DiagnosticsManager]  [bootstrap + classpath + loader.0] file:/Library/Java/JavaVirtualMachines/jdk1.8.0_181.jdk/Contents/Home/jre/lib/charsets.jar
2019-12-16 02:37:44.577+0000 INFO [o.n.k.i.DiagnosticsManager]  [classpath + loader.0] file:/Users/liweizhuo/.m2/repository/org/parboiled/parboiled-scala_2.11/1.1.7/parboiled-scala_2.11-1.1.7.jar
2019-12-16 02:37:44.577+0000 INFO [o.n.k.i.DiagnosticsManager]  [classpath + loader.0] file:/Users/liweizhuo/eclipse-workspace-new/MavenJavaDemo/ExternalLib/log4j-1.2.13.jar
2019-12-16 02:37:44.577+0000 INFO [o.n.k.i.DiagnosticsManager]  [classpath + loader.0] file:/Users/liweizhuo/.m2/repository/org/apache/lucene/lucene-queryparser/5.5.0/lucene-queryparser-5.5.0.jar
2019-12-16 02:37:44.577+0000 INFO [o.n.k.i.DiagnosticsManager]  [classpath + loader.0] file:/Users/liweizhuo/.m2/repository/org/neo4j/neo4j-cypher-frontend-2.3/2.3.12/neo4j-cypher-frontend-2.3-2.3.12.jar
2019-12-16 02:37:44.577+0000 INFO [o.n.k.i.DiagnosticsManager]  [classpath + loader.0] file:/Users/liweizhuo/.m2/repository/org/apache/lucene/lucene-codecs/5.5.0/lucene-codecs-5.5.0.jar
2019-12-16 02:37:44.578+0000 INFO [o.n.k.i.DiagnosticsManager]  [classpath + loader.0] file:/Users/liweizhuo/.m2/repository/org/apache/commons/commons-compress/1.12/commons-compress-1.12.jar
2019-12-16 02:37:44.578+0000 INFO [o.n.k.i.DiagnosticsManager]  [classpath + loader.0] file:/Users/liweizhuo/eclipse-workspace-new/MavenJavaDemo/lib/microsoft-translator.jar
2019-12-16 02:37:44.578+0000 INFO [o.n.k.i.DiagnosticsManager]  [classpath + loader.0] file:/Users/liweizhuo/eclipse-workspace-new/MavenJavaDemo/ExternalLib/icu4j-3.4.4.jar
2019-12-16 02:37:44.578+0000 INFO [o.n.k.i.DiagnosticsManager]  [classpath + loader.0] file:/Users/liweizhuo/.m2/repository/org/neo4j/neo4j-cypher-frontend-3.1/3.1.6/neo4j-cypher-frontend-3.1-3.1.6.jar
2019-12-16 02:37:44.578+0000 INFO [o.n.k.i.DiagnosticsManager]  [classpath + loader.0] file:/Users/liweizhuo/eclipse-workspace-new/MavenJavaDemo/lib/jaws.jar
2019-12-16 02:37:44.578+0000 INFO [o.n.k.i.DiagnosticsManager]  [classpath + loader.0] file:/Users/liweizhuo/.m2/repository/org/neo4j/neo4j-cypher-compiler-3.1/3.1.6/neo4j-cypher-compiler-3.1-3.1.6.jar
2019-12-16 02:37:44.578+0000 INFO [o.n.k.i.DiagnosticsManager]  [classpath + loader.0] file:/Users/liweizhuo/eclipse-workspace-new/MavenJavaDemo/ExternalLib/slf4j-log4j12-1.5.8.jar
2019-12-16 02:37:44.578+0000 INFO [o.n.k.i.DiagnosticsManager] Library path:
2019-12-16 02:37:44.578+0000 INFO [o.n.k.i.DiagnosticsManager] /Users/liweizhuo/Library/Java/Extensions
2019-12-16 02:37:44.578+0000 INFO [o.n.k.i.DiagnosticsManager] /Library/Java/Extensions
2019-12-16 02:37:44.578+0000 INFO [o.n.k.i.DiagnosticsManager] /Network/Library/Java/Extensions
2019-12-16 02:37:44.578+0000 INFO [o.n.k.i.DiagnosticsManager] /System/Library/Java/Extensions
2019-12-16 02:37:44.578+0000 INFO [o.n.k.i.DiagnosticsManager] /usr/lib/java
2019-12-16 02:37:44.578+0000 INFO [o.n.k.i.DiagnosticsManager] /Users/liweizhuo/eclipse-workspace-new/MavenJavaDemo
2019-12-16 02:37:44.578+0000 INFO [o.n.k.i.DiagnosticsManager] System.properties:
2019-12-16 02:37:44.579+0000 INFO [o.n.k.i.DiagnosticsManager] sun.boot.library.path = /Library/Java/JavaVirtualMachines/jdk1.8.0_181.jdk/Contents/Home/jre/lib
2019-12-16 02:37:44.579+0000 INFO [o.n.k.i.DiagnosticsManager] gopherProxySet = false
2019-12-16 02:37:44.579+0000 INFO [o.n.k.i.DiagnosticsManager] path.separator = :
2019-12-16 02:37:44.579+0000 INFO [o.n.k.i.DiagnosticsManager] file.encoding.pkg = sun.io
2019-12-16 02:37:44.579+0000 INFO [o.n.k.i.DiagnosticsManager] user.country = CN
2019-12-16 02:37:44.579+0000 INFO [o.n.k.i.DiagnosticsManager] sun.java.launcher = SUN_STANDARD
2019-12-16 02:37:44.579+0000 INFO [o.n.k.i.DiagnosticsManager] sun.os.patch.level = unknown
2019-12-16 02:37:44.579+0000 INFO [o.n.k.i.DiagnosticsManager] user.dir = /Users/liweizhuo/eclipse-workspace-new/MavenJavaDemo
2019-12-16 02:37:44.579+0000 INFO [o.n.k.i.DiagnosticsManager] sun.jnu.encoding = UTF-8
2019-12-16 02:37:44.579+0000 INFO [o.n.k.i.DiagnosticsManager] sun.management.compiler = HotSpot 64-Bit Tiered Compilers
2019-12-16 02:37:44.579+0000 INFO [o.n.k.i.DiagnosticsManager] user.home = /Users/liweizhuo
2019-12-16 02:37:44.579+0000 INFO [o.n.k.i.DiagnosticsManager] user.timezone = Asia/Shanghai
2019-12-16 02:37:44.579+0000 INFO [o.n.k.i.DiagnosticsManager] file.encoding = UTF-8
2019-12-16 02:37:44.579+0000 INFO [o.n.k.i.DiagnosticsManager] user.name = liweizhuo
2019-12-16 02:37:44.579+0000 INFO [o.n.k.i.DiagnosticsManager] sun.java.command = com.weizhuo.demo.Neo4jDemo2
2019-12-16 02:37:44.579+0000 INFO [o.n.k.i.DiagnosticsManager] sun.arch.data.model = 64
2019-12-16 02:37:44.579+0000 INFO [o.n.k.i.DiagnosticsManager] user.language = zh
2019-12-16 02:37:44.579+0000 INFO [o.n.k.i.DiagnosticsManager] awt.toolkit = sun.lwawt.macosx.LWCToolkit
2019-12-16 02:37:44.579+0000 INFO [o.n.k.i.DiagnosticsManager] file.separator = /
2019-12-16 02:37:44.579+0000 INFO [o.n.k.i.DiagnosticsManager] sun.io.unicode.encoding = UnicodeBig
2019-12-16 02:37:44.580+0000 INFO [o.n.k.i.DiagnosticsManager] sun.cpu.endian = little
2019-12-16 02:37:44.580+0000 INFO [o.n.k.i.DiagnosticsManager] sun.cpu.isalist = 
2019-12-16 02:37:44.580+0000 INFO [o.n.k.i.DiagnosticsManager] Network information:
2019-12-16 02:37:44.584+0000 INFO [o.n.k.i.DiagnosticsManager] Interface utun1:
2019-12-16 02:37:44.584+0000 INFO [o.n.k.i.DiagnosticsManager]     address: fe80:0:0:0:9faa:479f:263f:fd63%utun1
2019-12-16 02:37:44.584+0000 INFO [o.n.k.i.DiagnosticsManager] Interface utun0:
2019-12-16 02:37:44.584+0000 INFO [o.n.k.i.DiagnosticsManager]     address: fe80:0:0:0:128e:a30c:8702:5afa%utun0
2019-12-16 02:37:44.585+0000 INFO [o.n.k.i.DiagnosticsManager] Interface awdl0:
2019-12-16 02:37:44.585+0000 INFO [o.n.k.i.DiagnosticsManager]     address: fe80:0:0:0:706f:b9ff:fe1f:d82a%awdl0
2019-12-16 02:37:44.585+0000 INFO [o.n.k.i.DiagnosticsManager] Interface en5:
2019-12-16 02:37:44.585+0000 INFO [o.n.k.i.DiagnosticsManager]     address: fe80:0:0:0:aede:48ff:fe00:1122%en5
2019-12-16 02:37:44.585+0000 INFO [o.n.k.i.DiagnosticsManager] Interface en0:
2019-12-16 02:37:44.585+0000 INFO [o.n.k.i.DiagnosticsManager]     address: 2001:da8:1002:8419:0:0:0:7ebf%en0
2019-12-16 02:37:44.585+0000 INFO [o.n.k.i.DiagnosticsManager]     address: fe80:0:0:0:c7b:fe7d:1fca:ea05%en0
2019-12-16 02:37:44.585+0000 INFO [o.n.k.i.DiagnosticsManager]     address: 10.192.5.86
2019-12-16 02:37:44.585+0000 INFO [o.n.k.i.DiagnosticsManager] Interface lo0:
2019-12-16 02:37:44.585+0000 INFO [o.n.k.i.DiagnosticsManager]     address: fe80:0:0:0:0:0:0:1%lo0
2019-12-16 02:37:44.585+0000 INFO [o.n.k.i.DiagnosticsManager]     address: 0:0:0:0:0:0:0:1%lo0
2019-12-16 02:37:44.585+0000 INFO [o.n.k.i.DiagnosticsManager]     address: 127.0.0.1
2019-12-16 02:37:44.585+0000 INFO [o.n.k.i.DiagnosticsManager] --- INITIALIZED diagnostics END ---
2019-12-16 02:37:44.765+0000 INFO [o.n.k.i.s.f.RecordFormatSelector] Selected RecordFormat:StandardV3_2[v0.A.8] record format from store /Users/liweizhuo/eclipse-workspace-new/MavenJavaDemo/neo4j-db/mouse
2019-12-16 02:37:44.786+0000 INFO [o.n.k.i.s.f.RecordFormatSelector] Selected RecordFormat:StandardV3_2[v0.A.8] record format from store /Users/liweizhuo/eclipse-workspace-new/MavenJavaDemo/neo4j-db/mouse
2019-12-16 02:37:44.787+0000 INFO [o.n.k.i.s.f.RecordFormatSelector] Format not configured. Selected format from the store: RecordFormat:StandardV3_2[v0.A.8]
2019-12-16 02:37:44.926+0000 INFO [o.n.k.i.a.i.IndexingService] IndexingService.init: indexes not specifically mentioned above are null
2019-12-16 02:37:44.946+0000 INFO [o.n.k.NeoStoreDataSource] No commits found after last check point (which is at LogPosition{logVersion=0, byteOffset=1931032})
2019-12-16 02:37:44.952+0000 INFO [o.n.k.i.a.i.IndexingService] IndexingService.start: indexes not specifically mentioned above are null
2019-12-16 02:37:44.955+0000 INFO [o.n.k.i.DatabaseHealth] Database health set to OK
2019-12-16 02:37:45.266+0000 INFO [o.n.k.AvailabilityGuard] Fulfilling of requirement makes database available: Database available
2019-12-16 02:37:45.267+0000 INFO [o.n.k.i.f.GraphDatabaseFacadeFactory] Database is now ready
2019-12-16 02:37:45.268+0000 INFO [o.n.k.i.DiagnosticsManager] --- STARTED diagnostics for KernelDiagnostics:Versions START ---
2019-12-16 02:37:45.268+0000 INFO [o.n.k.i.DiagnosticsManager] Graph Database: community single StoreId{creationTime=1576463836321, randomId=5946906492863874275, storeVersion=15813456178476550, upgradeTime=1576463836321, upgradeId=1}
2019-12-16 02:37:45.268+0000 INFO [o.n.k.i.DiagnosticsManager] Kernel version: 3.3.4,a97930c567060dad961d7c06c8f225dcb15582f3
2019-12-16 02:37:45.268+0000 INFO [o.n.k.i.DiagnosticsManager] --- STARTED diagnostics for KernelDiagnostics:Versions END ---
2019-12-16 02:37:45.269+0000 INFO [o.n.k.i.DiagnosticsManager] --- STARTED diagnostics for NEO_STORE_VERSIONS START ---
2019-12-16 02:37:45.270+0000 INFO [o.n.k.i.DiagnosticsManager] Store versions:
2019-12-16 02:37:45.270+0000 INFO [o.n.k.i.DiagnosticsManager] Store versions:
2019-12-16 02:37:45.270+0000 INFO [o.n.k.i.DiagnosticsManager]   ArrayPropertyStore v0.A.8
2019-12-16 02:37:45.270+0000 INFO [o.n.k.i.DiagnosticsManager]   NodeStore v0.A.8
2019-12-16 02:37:45.270+0000 INFO [o.n.k.i.DiagnosticsManager]   StringPropertyStore v0.A.8
2019-12-16 02:37:45.270+0000 INFO [o.n.k.i.DiagnosticsManager]   PropertyIndexStore v0.A.8
2019-12-16 02:37:45.270+0000 INFO [o.n.k.i.DiagnosticsManager]   StringPropertyStore v0.A.8
2019-12-16 02:37:45.270+0000 INFO [o.n.k.i.DiagnosticsManager]   ArrayPropertyStore v0.A.8
2019-12-16 02:37:45.270+0000 INFO [o.n.k.i.DiagnosticsManager]   PropertyStore v0.A.8
2019-12-16 02:37:45.270+0000 INFO [o.n.k.i.DiagnosticsManager]   RelationshipStore v0.A.8
2019-12-16 02:37:45.270+0000 INFO [o.n.k.i.DiagnosticsManager]   StringPropertyStore v0.A.8
2019-12-16 02:37:45.270+0000 INFO [o.n.k.i.DiagnosticsManager]   RelationshipTypeStore v0.A.8
2019-12-16 02:37:45.270+0000 INFO [o.n.k.i.DiagnosticsManager]   StringPropertyStore v0.A.8
2019-12-16 02:37:45.270+0000 INFO [o.n.k.i.DiagnosticsManager]   LabelTokenStore v0.A.8
2019-12-16 02:37:45.271+0000 INFO [o.n.k.i.DiagnosticsManager]   SchemaStore v0.A.8
2019-12-16 02:37:45.271+0000 INFO [o.n.k.i.DiagnosticsManager]   RelationshipGroupStore v0.A.8
2019-12-16 02:37:45.271+0000 INFO [o.n.k.i.DiagnosticsManager]   NeoStore v0.A.8
2019-12-16 02:37:45.271+0000 INFO [o.n.k.i.DiagnosticsManager] --- STARTED diagnostics for NEO_STORE_VERSIONS END ---
2019-12-16 02:37:45.271+0000 INFO [o.n.k.i.DiagnosticsManager] --- STARTED diagnostics for NEO_STORE_ID_USAGE START ---
2019-12-16 02:37:45.271+0000 INFO [o.n.k.i.DiagnosticsManager] Id usage:
2019-12-16 02:37:45.271+0000 INFO [o.n.k.i.DiagnosticsManager] Id usage:
2019-12-16 02:37:45.272+0000 INFO [o.n.k.i.DiagnosticsManager]   ArrayPropertyStore: used=1 high=0
2019-12-16 02:37:45.272+0000 INFO [o.n.k.i.DiagnosticsManager]   NodeStore: used=2746 high=2759
2019-12-16 02:37:45.272+0000 INFO [o.n.k.i.DiagnosticsManager]   StringPropertyStore: used=4 high=3
2019-12-16 02:37:45.272+0000 INFO [o.n.k.i.DiagnosticsManager]   PropertyIndexStore: used=3 high=2
2019-12-16 02:37:45.272+0000 INFO [o.n.k.i.DiagnosticsManager]   StringPropertyStore: used=1 high=0
2019-12-16 02:37:45.272+0000 INFO [o.n.k.i.DiagnosticsManager]   ArrayPropertyStore: used=1 high=0
2019-12-16 02:37:45.272+0000 INFO [o.n.k.i.DiagnosticsManager]   PropertyStore: used=11204 high=11219
2019-12-16 02:37:45.272+0000 INFO [o.n.k.i.DiagnosticsManager]   RelationshipStore: used=2856 high=2859
2019-12-16 02:37:45.273+0000 INFO [o.n.k.i.DiagnosticsManager]   StringPropertyStore: used=2 high=1
2019-12-16 02:37:45.273+0000 INFO [o.n.k.i.DiagnosticsManager]   RelationshipTypeStore: used=1 high=0
2019-12-16 02:37:45.273+0000 INFO [o.n.k.i.DiagnosticsManager]   StringPropertyStore: used=1 high=0
2019-12-16 02:37:45.273+0000 INFO [o.n.k.i.DiagnosticsManager]   LabelTokenStore: used=0 high=-1
2019-12-16 02:37:45.273+0000 INFO [o.n.k.i.DiagnosticsManager]   SchemaStore: used=1 high=0
2019-12-16 02:37:45.273+0000 INFO [o.n.k.i.DiagnosticsManager]   RelationshipGroupStore: used=5 high=20
2019-12-16 02:37:45.273+0000 INFO [o.n.k.i.DiagnosticsManager]   NeoStore: used=15 high=14
2019-12-16 02:37:45.273+0000 INFO [o.n.k.i.DiagnosticsManager] --- STARTED diagnostics for NEO_STORE_ID_USAGE END ---
2019-12-16 02:37:45.273+0000 INFO [o.n.k.i.DiagnosticsManager] --- STARTED diagnostics for NEO_STORE_RECORDS START ---
2019-12-16 02:37:45.273+0000 INFO [o.n.k.i.DiagnosticsManager] Neostore records:
2019-12-16 02:37:45.274+0000 INFO [o.n.k.i.DiagnosticsManager] TIME (Creation time): 1576463836321
2019-12-16 02:37:45.274+0000 INFO [o.n.k.i.DiagnosticsManager] RANDOM_NUMBER (Random number for store id): 5946906492863874275
2019-12-16 02:37:45.274+0000 INFO [o.n.k.i.DiagnosticsManager] LOG_VERSION (Current log version): 0
2019-12-16 02:37:45.274+0000 INFO [o.n.k.i.DiagnosticsManager] LAST_TRANSACTION_ID (Last committed transaction): 9
2019-12-16 02:37:45.274+0000 INFO [o.n.k.i.DiagnosticsManager] STORE_VERSION (Store format version): 15813456178476550
2019-12-16 02:37:45.274+0000 INFO [o.n.k.i.DiagnosticsManager] FIRST_GRAPH_PROPERTY (First property record containing graph properties): -1
2019-12-16 02:37:45.274+0000 INFO [o.n.k.i.DiagnosticsManager] LAST_CONSTRAINT_TRANSACTION (Last committed transaction containing constraint changes): 0
2019-12-16 02:37:45.274+0000 INFO [o.n.k.i.DiagnosticsManager] UPGRADE_TRANSACTION_ID (Transaction id most recent upgrade was performed at): 1
2019-12-16 02:37:45.274+0000 INFO [o.n.k.i.DiagnosticsManager] UPGRADE_TIME (Time of last upgrade): 1576463836321
2019-12-16 02:37:45.274+0000 INFO [o.n.k.i.DiagnosticsManager] LAST_TRANSACTION_CHECKSUM (Checksum of last committed transaction): -160931451998
2019-12-16 02:37:45.274+0000 INFO [o.n.k.i.DiagnosticsManager] UPGRADE_TRANSACTION_CHECKSUM (Checksum of transaction id the most recent upgrade was performed at): 0
2019-12-16 02:37:45.274+0000 INFO [o.n.k.i.DiagnosticsManager] LAST_CLOSED_TRANSACTION_LOG_VERSION (Log version where the last transaction commit entry has been written into): 0
2019-12-16 02:37:45.275+0000 INFO [o.n.k.i.DiagnosticsManager] LAST_CLOSED_TRANSACTION_LOG_BYTE_OFFSET (Byte offset in the log file where the last transaction commit entry has been written into): 1931032
2019-12-16 02:37:45.275+0000 INFO [o.n.k.i.DiagnosticsManager] LAST_TRANSACTION_COMMIT_TIMESTAMP (Commit time timestamp for last committed transaction): 1576463844779
2019-12-16 02:37:45.275+0000 INFO [o.n.k.i.DiagnosticsManager] UPGRADE_TRANSACTION_COMMIT_TIMESTAMP (Commit timestamp of transaction the most recent upgrade was performed at): 0
2019-12-16 02:37:45.275+0000 INFO [o.n.k.i.DiagnosticsManager] --- STARTED diagnostics for NEO_STORE_RECORDS END ---
2019-12-16 02:37:45.275+0000 INFO [o.n.k.i.DiagnosticsManager] --- STARTED diagnostics for TRANSACTION_RANGE START ---
2019-12-16 02:37:45.276+0000 INFO [o.n.k.i.DiagnosticsManager] Transaction log:
2019-12-16 02:37:45.276+0000 INFO [o.n.k.i.DiagnosticsManager] Oldest transaction 2 found in log with version 0
2019-12-16 02:37:45.276+0000 INFO [o.n.k.i.DiagnosticsManager] --- STARTED diagnostics for TRANSACTION_RANGE END ---
2019-12-16 02:37:45.278+0000 INFO [o.n.k.i.DiagnosticsManager] --- STARTED diagnostics for KernelDiagnostics:StoreFiles START ---
2019-12-16 02:37:45.279+0000 INFO [o.n.k.i.DiagnosticsManager] Disk space on partition (Total / Free / Free %): 250685575168 / 89579675648 / 35
2019-12-16 02:37:45.279+0000 INFO [o.n.k.i.DiagnosticsManager] Storage files: (filename : modification date - size)
2019-12-16 02:37:45.280+0000 INFO [o.n.k.i.DiagnosticsManager]   index:
2019-12-16 02:37:45.280+0000 INFO [o.n.k.i.DiagnosticsManager]     lucene:
2019-12-16 02:37:45.280+0000 INFO [o.n.k.i.DiagnosticsManager]       node:
2019-12-16 02:37:45.280+0000 INFO [o.n.k.i.DiagnosticsManager]         NodeIndex:
2019-12-16 02:37:45.281+0000 INFO [o.n.k.i.DiagnosticsManager]           _0.cfe: 2019-12-16T10:37:20+0800 - 289.00 B
2019-12-16 02:37:45.281+0000 INFO [o.n.k.i.DiagnosticsManager]           _0.cfs: 2019-12-16T10:37:20+0800 - 84.84 kB
2019-12-16 02:37:45.281+0000 INFO [o.n.k.i.DiagnosticsManager]           _0.si: 2019-12-16T10:37:20+0800 - 364.00 B
2019-12-16 02:37:45.281+0000 INFO [o.n.k.i.DiagnosticsManager]           segments_1: 2019-12-16T10:37:24+0800 - 136.00 B
2019-12-16 02:37:45.282+0000 INFO [o.n.k.i.DiagnosticsManager]         - Total: 2019-12-16T10:37:44+0800 - 85.61 kB
2019-12-16 02:37:45.282+0000 INFO [o.n.k.i.DiagnosticsManager]       - Total: 2019-12-16T10:37:17+0800 - 85.61 kB
2019-12-16 02:37:45.282+0000 INFO [o.n.k.i.DiagnosticsManager]       relationship:
2019-12-16 02:37:45.282+0000 INFO [o.n.k.i.DiagnosticsManager]         RelIndex:
2019-12-16 02:37:45.282+0000 INFO [o.n.k.i.DiagnosticsManager]           _0.cfe: 2019-12-16T10:37:24+0800 - 289.00 B
2019-12-16 02:37:45.283+0000 INFO [o.n.k.i.DiagnosticsManager]           _0.cfs: 2019-12-16T10:37:24+0800 - 210.69 kB
2019-12-16 02:37:45.283+0000 INFO [o.n.k.i.DiagnosticsManager]           _0.si: 2019-12-16T10:37:24+0800 - 364.00 B
2019-12-16 02:37:45.283+0000 INFO [o.n.k.i.DiagnosticsManager]           segments_1: 2019-12-16T10:37:24+0800 - 136.00 B
2019-12-16 02:37:45.283+0000 INFO [o.n.k.i.DiagnosticsManager]         - Total: 2019-12-16T10:37:44+0800 - 211.46 kB
2019-12-16 02:37:45.283+0000 INFO [o.n.k.i.DiagnosticsManager]       - Total: 2019-12-16T10:37:20+0800 - 211.46 kB
2019-12-16 02:37:45.284+0000 INFO [o.n.k.i.DiagnosticsManager]     - Total: 2019-12-16T10:37:20+0800 - 297.07 kB
2019-12-16 02:37:45.284+0000 INFO [o.n.k.i.DiagnosticsManager]   - Total: 2019-12-16T10:37:17+0800 - 297.07 kB
2019-12-16 02:37:45.284+0000 INFO [o.n.k.i.DiagnosticsManager]   index.db: 2019-12-16T10:37:16+0800 - 197.00 B
2019-12-16 02:37:45.284+0000 INFO [o.n.k.i.DiagnosticsManager]   logs:
2019-12-16 02:37:45.284+0000 INFO [o.n.k.i.DiagnosticsManager]     debug.log: 2019-12-16T10:37:45+0800 - 85.58 kB
2019-12-16 02:37:45.285+0000 INFO [o.n.k.i.DiagnosticsManager]   - Total: 2019-12-16T10:37:15+0800 - 85.58 kB
2019-12-16 02:37:45.285+0000 INFO [o.n.k.i.DiagnosticsManager]   neostore: 2019-12-16T10:37:24+0800 - 8.00 kB
2019-12-16 02:37:45.285+0000 INFO [o.n.k.i.DiagnosticsManager]   neostore.counts.db.a: 2019-12-16T10:37:16+0800 - 96.00 B
2019-12-16 02:37:45.285+0000 INFO [o.n.k.i.DiagnosticsManager]   neostore.counts.db.b: 2019-12-16T10:37:24+0800 - 192.00 B
2019-12-16 02:37:45.285+0000 INFO [o.n.k.i.DiagnosticsManager]   neostore.id: 2019-12-16T10:37:44+0800 - 9.00 B
2019-12-16 02:37:45.286+0000 INFO [o.n.k.i.DiagnosticsManager]   neostore.labelscanstore.db: 2019-12-16T10:37:44+0800 - 40.00 kB
2019-12-16 02:37:45.286+0000 INFO [o.n.k.i.DiagnosticsManager]   neostore.labeltokenstore.db: 2019-12-16T10:37:16+0800 - 0.00 B
2019-12-16 02:37:45.286+0000 INFO [o.n.k.i.DiagnosticsManager]   neostore.labeltokenstore.db.id: 2019-12-16T10:37:44+0800 - 9.00 B
2019-12-16 02:37:45.286+0000 INFO [o.n.k.i.DiagnosticsManager]   neostore.labeltokenstore.db.names: 2019-12-16T10:37:16+0800 - 8.00 kB
2019-12-16 02:37:45.286+0000 INFO [o.n.k.i.DiagnosticsManager]   neostore.labeltokenstore.db.names.id: 2019-12-16T10:37:44+0800 - 9.00 B
2019-12-16 02:37:45.287+0000 INFO [o.n.k.i.DiagnosticsManager]   neostore.nodestore.db: 2019-12-16T10:37:24+0800 - 47.99 kB
2019-12-16 02:37:45.287+0000 INFO [o.n.k.i.DiagnosticsManager]   neostore.nodestore.db.id: 2019-12-16T10:37:44+0800 - 121.00 B
2019-12-16 02:37:45.287+0000 INFO [o.n.k.i.DiagnosticsManager]   neostore.nodestore.db.labels: 2019-12-16T10:37:16+0800 - 8.00 kB
2019-12-16 02:37:45.287+0000 INFO [o.n.k.i.DiagnosticsManager]   neostore.nodestore.db.labels.id: 2019-12-16T10:37:44+0800 - 9.00 B
2019-12-16 02:37:45.287+0000 INFO [o.n.k.i.DiagnosticsManager]   neostore.propertystore.db: 2019-12-16T10:37:24+0800 - 454.16 kB
2019-12-16 02:37:45.287+0000 INFO [o.n.k.i.DiagnosticsManager]   neostore.propertystore.db.arrays: 2019-12-16T10:37:16+0800 - 8.00 kB
2019-12-16 02:37:45.287+0000 INFO [o.n.k.i.DiagnosticsManager]   neostore.propertystore.db.arrays.id: 2019-12-16T10:37:44+0800 - 9.00 B
2019-12-16 02:37:45.288+0000 INFO [o.n.k.i.DiagnosticsManager]   neostore.propertystore.db.id: 2019-12-16T10:37:44+0800 - 137.00 B
2019-12-16 02:37:45.288+0000 INFO [o.n.k.i.DiagnosticsManager]   neostore.propertystore.db.index: 2019-12-16T10:37:24+0800 - 8.00 kB
2019-12-16 02:37:45.288+0000 INFO [o.n.k.i.DiagnosticsManager]   neostore.propertystore.db.index.id: 2019-12-16T10:37:44+0800 - 9.00 B
2019-12-16 02:37:45.288+0000 INFO [o.n.k.i.DiagnosticsManager]   neostore.propertystore.db.index.keys: 2019-12-16T10:37:24+0800 - 8.00 kB
2019-12-16 02:37:45.288+0000 INFO [o.n.k.i.DiagnosticsManager]   neostore.propertystore.db.index.keys.id: 2019-12-16T10:37:44+0800 - 9.00 B
2019-12-16 02:37:45.289+0000 INFO [o.n.k.i.DiagnosticsManager]   neostore.propertystore.db.strings: 2019-12-16T10:37:16+0800 - 8.00 kB
2019-12-16 02:37:45.289+0000 INFO [o.n.k.i.DiagnosticsManager]   neostore.propertystore.db.strings.id: 2019-12-16T10:37:44+0800 - 9.00 B
2019-12-16 02:37:45.289+0000 INFO [o.n.k.i.DiagnosticsManager]   neostore.relationshipgroupstore.db: 2019-12-16T10:37:24+0800 - 8.00 kB
2019-12-16 02:37:45.290+0000 INFO [o.n.k.i.DiagnosticsManager]   neostore.relationshipgroupstore.db.id: 2019-12-16T10:37:44+0800 - 137.00 B
2019-12-16 02:37:45.290+0000 INFO [o.n.k.i.DiagnosticsManager]   neostore.relationshipstore.db: 2019-12-16T10:37:24+0800 - 95.63 kB
2019-12-16 02:37:45.290+0000 INFO [o.n.k.i.DiagnosticsManager]   neostore.relationshipstore.db.id: 2019-12-16T10:37:44+0800 - 41.00 B
2019-12-16 02:37:45.290+0000 INFO [o.n.k.i.DiagnosticsManager]   neostore.relationshiptypestore.db: 2019-12-16T10:37:24+0800 - 8.00 kB
2019-12-16 02:37:45.291+0000 INFO [o.n.k.i.DiagnosticsManager]   neostore.relationshiptypestore.db.id: 2019-12-16T10:37:44+0800 - 9.00 B
2019-12-16 02:37:45.291+0000 INFO [o.n.k.i.DiagnosticsManager]   neostore.relationshiptypestore.db.names: 2019-12-16T10:37:24+0800 - 8.00 kB
2019-12-16 02:37:45.291+0000 INFO [o.n.k.i.DiagnosticsManager]   neostore.relationshiptypestore.db.names.id: 2019-12-16T10:37:44+0800 - 9.00 B
2019-12-16 02:37:45.291+0000 INFO [o.n.k.i.DiagnosticsManager]   neostore.schemastore.db: 2019-12-16T10:37:16+0800 - 8.00 kB
2019-12-16 02:37:45.291+0000 INFO [o.n.k.i.DiagnosticsManager]   neostore.schemastore.db.id: 2019-12-16T10:37:44+0800 - 9.00 B
2019-12-16 02:37:45.291+0000 INFO [o.n.k.i.DiagnosticsManager]   neostore.transaction.db.0: 2019-12-16T10:37:24+0800 - 1.84 MB
2019-12-16 02:37:45.292+0000 INFO [o.n.k.i.DiagnosticsManager]   store_lock: 2019-12-16T10:37:16+0800 - 0.00 B
2019-12-16 02:37:45.292+0000 INFO [o.n.k.i.DiagnosticsManager] Storage summary: 
2019-12-16 02:37:45.292+0000 INFO [o.n.k.i.DiagnosticsManager]   Total size of store: 2.93 MB
2019-12-16 02:37:45.292+0000 INFO [o.n.k.i.DiagnosticsManager]   Total size of mapped files: 725.77 kB
2019-12-16 02:37:45.292+0000 INFO [o.n.k.i.DiagnosticsManager] --- STARTED diagnostics for KernelDiagnostics:StoreFiles END ---
2019-12-16 02:37:45.817+0000 INFO [o.n.k.i.f.GraphDatabaseFacadeFactory] Shutdown started
2019-12-16 02:37:45.817+0000 INFO [o.n.k.i.f.GraphDatabaseFacadeFactory] Database is now unavailable
2019-12-16 02:37:45.822+0000 INFO [o.n.k.i.t.l.c.CheckPointerImpl] Check Pointing triggered by database shutdown [9]:  Starting check pointing...
2019-12-16 02:37:45.822+0000 INFO [o.n.k.i.t.l.c.CheckPointerImpl] Check Pointing triggered by database shutdown [9]:  Starting store flush...
2019-12-16 02:37:45.826+0000 INFO [o.n.k.i.t.l.c.CheckPointerImpl] Check Pointing triggered by database shutdown [9]:  Store flush completed
2019-12-16 02:37:45.826+0000 INFO [o.n.k.i.t.l.c.CheckPointerImpl] Check Pointing triggered by database shutdown [9]:  Starting appending check point entry into the tx log...
2019-12-16 02:37:45.828+0000 INFO [o.n.k.i.t.l.c.CheckPointerImpl] Check Pointing triggered by database shutdown [9]:  Appending check point entry into the tx log completed
2019-12-16 02:37:45.828+0000 INFO [o.n.k.i.t.l.c.CheckPointerImpl] Check Pointing triggered by database shutdown [9]:  Check pointing completed
2019-12-16 02:37:45.828+0000 INFO [o.n.k.i.t.l.p.LogPruningImpl] Log Rotation [0]:  Starting log pruning.
2019-12-16 02:37:45.829+0000 INFO [o.n.k.i.t.l.p.LogPruningImpl] Log Rotation [0]:  Log pruning complete.
2019-12-16 02:37:45.837+0000 INFO [o.n.k.i.DiagnosticsManager] --- STOPPING diagnostics START ---
2019-12-16 02:37:45.837+0000 INFO [o.n.k.i.DiagnosticsManager] --- STOPPING diagnostics END ---
